{"/Users/ericbyungkim/Desktop/Croxy/Cart-Service/client/components/App.jsx": {"path":"/Users/ericbyungkim/Desktop/Croxy/Cart-Service/client/components/App.jsx","statementMap":{"0":{"start":{"line":11,"column":17},"end":{"line":11,"column":105}},"1":{"start":{"line":15,"column":4},"end":{"line":15,"column":12}},"2":{"start":{"line":16,"column":4},"end":{"line":51,"column":6}},"3":{"start":{"line":52,"column":4},"end":{"line":52,"column":43}},"4":{"start":{"line":53,"column":4},"end":{"line":53,"column":47}},"5":{"start":{"line":57,"column":24},"end":{"line":57,"column":34}},"6":{"start":{"line":58,"column":4},"end":{"line":58,"column":26}},"7":{"start":{"line":62,"column":20},"end":{"line":62,"column":50}},"8":{"start":{"line":63,"column":4},"end":{"line":100,"column":9}},"9":{"start":{"line":68,"column":12},"end":{"line":68,"column":21}},"10":{"start":{"line":69,"column":40},"end":{"line":69,"column":55}},"11":{"start":{"line":70,"column":21},"end":{"line":70,"column":29}},"12":{"start":{"line":71,"column":22},"end":{"line":71,"column":31}},"13":{"start":{"line":72,"column":8},"end":{"line":99,"column":13}},"14":{"start":{"line":74,"column":30},"end":{"line":74,"column":71}},"15":{"start":{"line":75,"column":25},"end":{"line":75,"column":66}},"16":{"start":{"line":76,"column":26},"end":{"line":76,"column":67}},"17":{"start":{"line":77,"column":12},"end":{"line":98,"column":17}},"18":{"start":{"line":79,"column":40},"end":{"line":79,"column":86}},"19":{"start":{"line":80,"column":33},"end":{"line":80,"column":74}},"20":{"start":{"line":82,"column":16},"end":{"line":86,"column":17}},"21":{"start":{"line":83,"column":18},"end":{"line":83,"column":34}},"22":{"start":{"line":85,"column":18},"end":{"line":85,"column":33}},"23":{"start":{"line":87,"column":16},"end":{"line":97,"column":19}},"24":{"start":{"line":104,"column":4},"end":{"line":104,"column":26}},"25":{"start":{"line":105,"column":4},"end":{"line":105,"column":31}},"26":{"start":{"line":111,"column":8},"end":{"line":111,"column":18}},"27":{"start":{"line":112,"column":4},"end":{"line":112,"column":36}},"28":{"start":{"line":113,"column":4},"end":{"line":113,"column":48}},"29":{"start":{"line":114,"column":21},"end":{"line":114,"column":27}},"30":{"start":{"line":115,"column":4},"end":{"line":131,"column":6}}},"fnMap":{"0":{"name":"(anonymous_0)","decl":{"start":{"line":14,"column":2},"end":{"line":14,"column":3}},"loc":{"start":{"line":14,"column":16},"end":{"line":54,"column":3}},"line":14},"1":{"name":"(anonymous_1)","decl":{"start":{"line":56,"column":2},"end":{"line":56,"column":3}},"loc":{"start":{"line":56,"column":22},"end":{"line":59,"column":3}},"line":56},"2":{"name":"(anonymous_2)","decl":{"start":{"line":61,"column":2},"end":{"line":61,"column":3}},"loc":{"start":{"line":61,"column":15},"end":{"line":101,"column":3}},"line":61},"3":{"name":"(anonymous_3)","decl":{"start":{"line":65,"column":12},"end":{"line":65,"column":13}},"loc":{"start":{"line":65,"column":22},"end":{"line":100,"column":7}},"line":65},"4":{"name":"(anonymous_4)","decl":{"start":{"line":73,"column":16},"end":{"line":73,"column":17}},"loc":{"start":{"line":73,"column":29},"end":{"line":99,"column":11}},"line":73},"5":{"name":"(anonymous_5)","decl":{"start":{"line":78,"column":20},"end":{"line":78,"column":21}},"loc":{"start":{"line":78,"column":38},"end":{"line":98,"column":15}},"line":78},"6":{"name":"(anonymous_6)","decl":{"start":{"line":103,"column":2},"end":{"line":103,"column":3}},"loc":{"start":{"line":103,"column":21},"end":{"line":106,"column":3}},"line":103},"7":{"name":"(anonymous_7)","decl":{"start":{"line":108,"column":2},"end":{"line":108,"column":3}},"loc":{"start":{"line":108,"column":11},"end":{"line":132,"column":3}},"line":108}},"branchMap":{"0":{"loc":{"start":{"line":11,"column":17},"end":{"line":11,"column":105}},"type":"cond-expr","locations":[{"start":{"line":11,"column":44},"end":{"line":11,"column":68}},{"start":{"line":11,"column":71},"end":{"line":11,"column":105}}],"line":11},"1":{"loc":{"start":{"line":82,"column":16},"end":{"line":86,"column":17}},"type":"if","locations":[{"start":{"line":82,"column":16},"end":{"line":86,"column":17}},{"start":{"line":82,"column":16},"end":{"line":86,"column":17}}],"line":82}},"s":{"0":1,"1":1,"2":1,"3":1,"4":1,"5":2,"6":2,"7":3,"8":3,"9":2,"10":2,"11":2,"12":2,"13":2,"14":2,"15":2,"16":2,"17":2,"18":2,"19":2,"20":2,"21":1,"22":1,"23":2,"24":1,"25":1,"26":4,"27":4,"28":4,"29":4,"30":4},"f":{"0":1,"1":2,"2":3,"3":2,"4":2,"5":2,"6":1,"7":4},"b":{"0":[0,1],"1":[1,1]},"_coverageSchema":"1a1c01bbd47fc00a2c39e90264f33305004495a9","hash":"b814b9974a19a3d2af648a88daf8eef1e9efd1ac"}
,"/Users/ericbyungkim/Desktop/Croxy/Cart-Service/client/components/ExtDetails.jsx": {"path":"/Users/ericbyungkim/Desktop/Croxy/Cart-Service/client/components/ExtDetails.jsx","statementMap":{"0":{"start":{"line":7,"column":4},"end":{"line":7,"column":17}},"1":{"start":{"line":8,"column":4},"end":{"line":15,"column":6}},"2":{"start":{"line":16,"column":4},"end":{"line":16,"column":59}},"3":{"start":{"line":17,"column":4},"end":{"line":17,"column":61}},"4":{"start":{"line":18,"column":4},"end":{"line":18,"column":61}},"5":{"start":{"line":19,"column":4},"end":{"line":19,"column":63}},"6":{"start":{"line":23,"column":31},"end":{"line":23,"column":41}},"7":{"start":{"line":24,"column":4},"end":{"line":33,"column":5}},"8":{"start":{"line":25,"column":6},"end":{"line":32,"column":8}},"9":{"start":{"line":34,"column":4},"end":{"line":34,"column":20}},"10":{"start":{"line":40,"column":8},"end":{"line":40,"column":18}},"11":{"start":{"line":41,"column":27},"end":{"line":41,"column":37}},"12":{"start":{"line":42,"column":28},"end":{"line":42,"column":38}},"13":{"start":{"line":43,"column":4},"end":{"line":64,"column":5}},"14":{"start":{"line":44,"column":6},"end":{"line":63,"column":8}},"15":{"start":{"line":65,"column":4},"end":{"line":65,"column":20}},"16":{"start":{"line":69,"column":32},"end":{"line":69,"column":42}},"17":{"start":{"line":77,"column":8},"end":{"line":77,"column":18}},"18":{"start":{"line":78,"column":4},"end":{"line":89,"column":5}},"19":{"start":{"line":79,"column":6},"end":{"line":88,"column":8}},"20":{"start":{"line":90,"column":4},"end":{"line":90,"column":20}},"21":{"start":{"line":94,"column":4},"end":{"line":118,"column":5}},"22":{"start":{"line":95,"column":31},"end":{"line":95,"column":41}},"23":{"start":{"line":96,"column":6},"end":{"line":96,"column":39}},"24":{"start":{"line":97,"column":6},"end":{"line":97,"column":40}},"25":{"start":{"line":98,"column":11},"end":{"line":118,"column":5}},"26":{"start":{"line":99,"column":35},"end":{"line":99,"column":45}},"27":{"start":{"line":100,"column":6},"end":{"line":100,"column":47}},"28":{"start":{"line":101,"column":6},"end":{"line":101,"column":44}},"29":{"start":{"line":102,"column":11},"end":{"line":118,"column":5}},"30":{"start":{"line":103,"column":32},"end":{"line":103,"column":42}},"31":{"start":{"line":104,"column":6},"end":{"line":104,"column":41}},"32":{"start":{"line":105,"column":6},"end":{"line":105,"column":41}},"33":{"start":{"line":106,"column":11},"end":{"line":118,"column":5}},"34":{"start":{"line":107,"column":63},"end":{"line":107,"column":73}},"35":{"start":{"line":108,"column":6},"end":{"line":116,"column":7}},"36":{"start":{"line":109,"column":8},"end":{"line":109,"column":42}},"37":{"start":{"line":110,"column":8},"end":{"line":110,"column":28}},"38":{"start":{"line":111,"column":8},"end":{"line":111,"column":59}},"39":{"start":{"line":113,"column":8},"end":{"line":113,"column":29}},"40":{"start":{"line":114,"column":8},"end":{"line":114,"column":44}},"41":{"start":{"line":115,"column":8},"end":{"line":115,"column":37}},"42":{"start":{"line":117,"column":6},"end":{"line":117,"column":72}},"43":{"start":{"line":122,"column":27},"end":{"line":122,"column":37}},"44":{"start":{"line":123,"column":36},"end":{"line":123,"column":46}},"45":{"start":{"line":125,"column":6},"end":{"line":140,"column":7}},"46":{"start":{"line":127,"column":8},"end":{"line":132,"column":10}},"47":{"start":{"line":141,"column":6},"end":{"line":146,"column":8}},"48":{"start":{"line":149,"column":30},"end":{"line":149,"column":55}},"49":{"start":{"line":150,"column":6},"end":{"line":171,"column":7}},"50":{"start":{"line":151,"column":8},"end":{"line":170,"column":10}},"51":{"start":{"line":171,"column":8},"end":{"line":218,"column":7}},"52":{"start":{"line":172,"column":8},"end":{"line":217,"column":10}},"53":{"start":{"line":219,"column":6},"end":{"line":221,"column":8}},"54":{"start":{"line":223,"column":4},"end":{"line":277,"column":6}},"55":{"start":{"line":283,"column":0},"end":{"line":305,"column":2}},"56":{"start":{"line":307,"column":0},"end":{"line":329,"column":2}}},"fnMap":{"0":{"name":"(anonymous_0)","decl":{"start":{"line":6,"column":2},"end":{"line":6,"column":3}},"loc":{"start":{"line":6,"column":21},"end":{"line":20,"column":3}},"line":6},"1":{"name":"(anonymous_1)","decl":{"start":{"line":22,"column":2},"end":{"line":22,"column":3}},"loc":{"start":{"line":22,"column":21},"end":{"line":35,"column":3}},"line":22},"2":{"name":"(anonymous_2)","decl":{"start":{"line":37,"column":2},"end":{"line":37,"column":3}},"loc":{"start":{"line":37,"column":21},"end":{"line":66,"column":3}},"line":37},"3":{"name":"(anonymous_3)","decl":{"start":{"line":68,"column":2},"end":{"line":68,"column":3}},"loc":{"start":{"line":68,"column":22},"end":{"line":91,"column":3}},"line":68},"4":{"name":"(anonymous_4)","decl":{"start":{"line":93,"column":2},"end":{"line":93,"column":3}},"loc":{"start":{"line":93,"column":21},"end":{"line":119,"column":3}},"line":93},"5":{"name":"(anonymous_5)","decl":{"start":{"line":121,"column":2},"end":{"line":121,"column":3}},"loc":{"start":{"line":121,"column":11},"end":{"line":278,"column":3}},"line":121},"6":{"name":"getFirstRandDescription","decl":{"start":{"line":124,"column":13},"end":{"line":124,"column":36}},"loc":{"start":{"line":124,"column":39},"end":{"line":147,"column":5}},"line":124},"7":{"name":"getFirstDetail","decl":{"start":{"line":148,"column":13},"end":{"line":148,"column":27}},"loc":{"start":{"line":148,"column":30},"end":{"line":222,"column":5}},"line":148}},"branchMap":{"0":{"loc":{"start":{"line":24,"column":4},"end":{"line":33,"column":5}},"type":"if","locations":[{"start":{"line":24,"column":4},"end":{"line":33,"column":5}},{"start":{"line":24,"column":4},"end":{"line":33,"column":5}}],"line":24},"1":{"loc":{"start":{"line":43,"column":4},"end":{"line":64,"column":5}},"type":"if","locations":[{"start":{"line":43,"column":4},"end":{"line":64,"column":5}},{"start":{"line":43,"column":4},"end":{"line":64,"column":5}}],"line":43},"2":{"loc":{"start":{"line":78,"column":4},"end":{"line":89,"column":5}},"type":"if","locations":[{"start":{"line":78,"column":4},"end":{"line":89,"column":5}},{"start":{"line":78,"column":4},"end":{"line":89,"column":5}}],"line":78},"3":{"loc":{"start":{"line":94,"column":4},"end":{"line":118,"column":5}},"type":"if","locations":[{"start":{"line":94,"column":4},"end":{"line":118,"column":5}},{"start":{"line":94,"column":4},"end":{"line":118,"column":5}}],"line":94},"4":{"loc":{"start":{"line":98,"column":11},"end":{"line":118,"column":5}},"type":"if","locations":[{"start":{"line":98,"column":11},"end":{"line":118,"column":5}},{"start":{"line":98,"column":11},"end":{"line":118,"column":5}}],"line":98},"5":{"loc":{"start":{"line":102,"column":11},"end":{"line":118,"column":5}},"type":"if","locations":[{"start":{"line":102,"column":11},"end":{"line":118,"column":5}},{"start":{"line":102,"column":11},"end":{"line":118,"column":5}}],"line":102},"6":{"loc":{"start":{"line":106,"column":11},"end":{"line":118,"column":5}},"type":"if","locations":[{"start":{"line":106,"column":11},"end":{"line":118,"column":5}},{"start":{"line":106,"column":11},"end":{"line":118,"column":5}}],"line":106},"7":{"loc":{"start":{"line":108,"column":6},"end":{"line":116,"column":7}},"type":"if","locations":[{"start":{"line":108,"column":6},"end":{"line":116,"column":7}},{"start":{"line":108,"column":6},"end":{"line":116,"column":7}}],"line":108},"8":{"loc":{"start":{"line":125,"column":6},"end":{"line":140,"column":7}},"type":"if","locations":[{"start":{"line":125,"column":6},"end":{"line":140,"column":7}},{"start":{"line":125,"column":6},"end":{"line":140,"column":7}}],"line":125},"9":{"loc":{"start":{"line":150,"column":6},"end":{"line":171,"column":7}},"type":"if","locations":[{"start":{"line":150,"column":6},"end":{"line":171,"column":7}},{"start":{"line":150,"column":6},"end":{"line":171,"column":7}}],"line":150},"10":{"loc":{"start":{"line":171,"column":8},"end":{"line":218,"column":7}},"type":"if","locations":[{"start":{"line":171,"column":8},"end":{"line":218,"column":7}},{"start":{"line":171,"column":8},"end":{"line":218,"column":7}}],"line":171}},"s":{"0":9,"1":9,"2":9,"3":9,"4":9,"5":9,"6":18,"7":18,"8":1,"9":17,"10":18,"11":18,"12":18,"13":18,"14":1,"15":17,"16":18,"17":18,"18":18,"19":1,"20":17,"21":7,"22":1,"23":1,"24":1,"25":6,"26":1,"27":1,"28":1,"29":5,"30":1,"31":1,"32":1,"33":4,"34":3,"35":3,"36":1,"37":1,"38":1,"39":2,"40":2,"41":2,"42":3,"43":18,"44":18,"45":18,"46":1,"47":17,"48":18,"49":18,"50":1,"51":17,"52":16,"53":1,"54":18,"55":2,"56":2},"f":{"0":9,"1":18,"2":18,"3":18,"4":7,"5":18,"6":18,"7":18},"b":{"0":[1,17],"1":[1,17],"2":[1,17],"3":[1,6],"4":[1,5],"5":[1,4],"6":[3,1],"7":[1,2],"8":[1,17],"9":[1,17],"10":[16,1]},"_coverageSchema":"1a1c01bbd47fc00a2c39e90264f33305004495a9","hash":"96fd6d081a126f8ec9779b7d2c78df025c907f8d"}
,"/Users/ericbyungkim/Desktop/Croxy/Cart-Service/client/components/Info.jsx": {"path":"/Users/ericbyungkim/Desktop/Croxy/Cart-Service/client/components/Info.jsx","statementMap":{"0":{"start":{"line":8,"column":4},"end":{"line":8,"column":17}},"1":{"start":{"line":9,"column":4},"end":{"line":11,"column":6}},"2":{"start":{"line":15,"column":21},"end":{"line":15,"column":31}},"3":{"start":{"line":16,"column":42},"end":{"line":16,"column":46}},"4":{"start":{"line":17,"column":12},"end":{"line":17,"column":13}},"5":{"start":{"line":18,"column":22},"end":{"line":18,"column":25}},"6":{"start":{"line":20,"column":6},"end":{"line":20,"column":13}},"7":{"start":{"line":21,"column":6},"end":{"line":29,"column":7}},"8":{"start":{"line":22,"column":8},"end":{"line":28,"column":10}},"9":{"start":{"line":30,"column":6},"end":{"line":37,"column":7}},"10":{"start":{"line":31,"column":8},"end":{"line":36,"column":10}},"11":{"start":{"line":38,"column":6},"end":{"line":45,"column":8}},"12":{"start":{"line":48,"column":6},"end":{"line":56,"column":7}},"13":{"start":{"line":49,"column":8},"end":{"line":55,"column":10}},"14":{"start":{"line":57,"column":6},"end":{"line":61,"column":8}},"15":{"start":{"line":63,"column":21},"end":{"line":63,"column":38}},"16":{"start":{"line":64,"column":22},"end":{"line":64,"column":52}},"17":{"start":{"line":65,"column":29},"end":{"line":65,"column":55}},"18":{"start":{"line":66,"column":4},"end":{"line":78,"column":6}},"19":{"start":{"line":82,"column":0},"end":{"line":88,"column":2}},"20":{"start":{"line":90,"column":0},"end":{"line":96,"column":2}}},"fnMap":{"0":{"name":"(anonymous_0)","decl":{"start":{"line":7,"column":2},"end":{"line":7,"column":3}},"loc":{"start":{"line":7,"column":21},"end":{"line":12,"column":3}},"line":7},"1":{"name":"(anonymous_1)","decl":{"start":{"line":14,"column":2},"end":{"line":14,"column":3}},"loc":{"start":{"line":14,"column":11},"end":{"line":79,"column":3}},"line":14},"2":{"name":"mapFunc","decl":{"start":{"line":19,"column":13},"end":{"line":19,"column":20}},"loc":{"start":{"line":19,"column":28},"end":{"line":46,"column":5}},"line":19},"3":{"name":"getAvailable","decl":{"start":{"line":47,"column":13},"end":{"line":47,"column":25}},"loc":{"start":{"line":47,"column":33},"end":{"line":62,"column":5}},"line":47}},"branchMap":{"0":{"loc":{"start":{"line":21,"column":6},"end":{"line":29,"column":7}},"type":"if","locations":[{"start":{"line":21,"column":6},"end":{"line":29,"column":7}},{"start":{"line":21,"column":6},"end":{"line":29,"column":7}}],"line":21},"1":{"loc":{"start":{"line":21,"column":10},"end":{"line":21,"column":36}},"type":"binary-expr","locations":[{"start":{"line":21,"column":10},"end":{"line":21,"column":17}},{"start":{"line":21,"column":21},"end":{"line":21,"column":36}}],"line":21},"2":{"loc":{"start":{"line":30,"column":6},"end":{"line":37,"column":7}},"type":"if","locations":[{"start":{"line":30,"column":6},"end":{"line":37,"column":7}},{"start":{"line":30,"column":6},"end":{"line":37,"column":7}}],"line":30},"3":{"loc":{"start":{"line":48,"column":6},"end":{"line":56,"column":7}},"type":"if","locations":[{"start":{"line":48,"column":6},"end":{"line":56,"column":7}},{"start":{"line":48,"column":6},"end":{"line":56,"column":7}}],"line":48}},"s":{"0":4,"1":4,"2":7,"3":7,"4":7,"5":7,"6":21,"7":21,"8":6,"9":15,"10":6,"11":9,"12":7,"13":6,"14":1,"15":7,"16":7,"17":7,"18":7,"19":2,"20":2},"f":{"0":4,"1":7,"2":21,"3":7},"b":{"0":[6,15],"1":[21,6],"2":[6,9],"3":[6,1]},"_coverageSchema":"1a1c01bbd47fc00a2c39e90264f33305004495a9","hash":"7daaf244dda0158f5332dec491b0d155379d577a"}
,"/Users/ericbyungkim/Desktop/Croxy/Cart-Service/client/components/Messages.jsx": {"path":"/Users/ericbyungkim/Desktop/Croxy/Cart-Service/client/components/Messages.jsx","statementMap":{"0":{"start":{"line":6,"column":4},"end":{"line":6,"column":17}},"1":{"start":{"line":7,"column":4},"end":{"line":9,"column":6}},"2":{"start":{"line":10,"column":4},"end":{"line":10,"column":41}},"3":{"start":{"line":14,"column":4},"end":{"line":14,"column":26}},"4":{"start":{"line":18,"column":4},"end":{"line":18,"column":26}},"5":{"start":{"line":22,"column":4},"end":{"line":22,"column":60}},"6":{"start":{"line":26,"column":33},"end":{"line":26,"column":43}},"7":{"start":{"line":27,"column":12},"end":{"line":27,"column":13}},"8":{"start":{"line":29,"column":6},"end":{"line":29,"column":13}},"9":{"start":{"line":30,"column":6},"end":{"line":45,"column":7}},"10":{"start":{"line":31,"column":8},"end":{"line":44,"column":10}},"11":{"start":{"line":46,"column":6},"end":{"line":54,"column":8}},"12":{"start":{"line":56,"column":27},"end":{"line":56,"column":50}},"13":{"start":{"line":57,"column":4},"end":{"line":69,"column":5}},"14":{"start":{"line":58,"column":6},"end":{"line":68,"column":8}},"15":{"start":{"line":65,"column":27},"end":{"line":65,"column":49}},"16":{"start":{"line":70,"column":4},"end":{"line":84,"column":6}},"17":{"start":{"line":81,"column":25},"end":{"line":81,"column":47}},"18":{"start":{"line":88,"column":0},"end":{"line":91,"column":2}},"19":{"start":{"line":93,"column":0},"end":{"line":96,"column":2}}},"fnMap":{"0":{"name":"(anonymous_0)","decl":{"start":{"line":5,"column":2},"end":{"line":5,"column":3}},"loc":{"start":{"line":5,"column":21},"end":{"line":11,"column":3}},"line":5},"1":{"name":"(anonymous_1)","decl":{"start":{"line":13,"column":2},"end":{"line":13,"column":3}},"loc":{"start":{"line":13,"column":22},"end":{"line":15,"column":3}},"line":13},"2":{"name":"(anonymous_2)","decl":{"start":{"line":17,"column":2},"end":{"line":17,"column":3}},"loc":{"start":{"line":17,"column":23},"end":{"line":19,"column":3}},"line":17},"3":{"name":"(anonymous_3)","decl":{"start":{"line":21,"column":2},"end":{"line":21,"column":3}},"loc":{"start":{"line":21,"column":19},"end":{"line":23,"column":3}},"line":21},"4":{"name":"(anonymous_4)","decl":{"start":{"line":25,"column":2},"end":{"line":25,"column":3}},"loc":{"start":{"line":25,"column":11},"end":{"line":85,"column":3}},"line":25},"5":{"name":"mapFunc","decl":{"start":{"line":28,"column":13},"end":{"line":28,"column":20}},"loc":{"start":{"line":28,"column":35},"end":{"line":55,"column":5}},"line":28},"6":{"name":"(anonymous_6)","decl":{"start":{"line":65,"column":17},"end":{"line":65,"column":18}},"loc":{"start":{"line":65,"column":25},"end":{"line":65,"column":51}},"line":65},"7":{"name":"(anonymous_7)","decl":{"start":{"line":81,"column":15},"end":{"line":81,"column":16}},"loc":{"start":{"line":81,"column":23},"end":{"line":81,"column":49}},"line":81}},"branchMap":{"0":{"loc":{"start":{"line":30,"column":6},"end":{"line":45,"column":7}},"type":"if","locations":[{"start":{"line":30,"column":6},"end":{"line":45,"column":7}},{"start":{"line":30,"column":6},"end":{"line":45,"column":7}}],"line":30},"1":{"loc":{"start":{"line":57,"column":4},"end":{"line":69,"column":5}},"type":"if","locations":[{"start":{"line":57,"column":4},"end":{"line":69,"column":5}},{"start":{"line":57,"column":4},"end":{"line":69,"column":5}}],"line":57}},"s":{"0":3,"1":3,"2":3,"3":3,"4":9,"5":12,"6":12,"7":12,"8":8,"9":8,"10":7,"11":1,"12":12,"13":12,"14":7,"15":12,"16":5,"17":9,"18":3,"19":3},"f":{"0":3,"1":3,"2":9,"3":12,"4":12,"5":8,"6":12,"7":9},"b":{"0":[7,1],"1":[7,5]},"_coverageSchema":"1a1c01bbd47fc00a2c39e90264f33305004495a9","hash":"10e15541f4ba6a7111b0a87e579cb9bae4e0ed54"}
,"/Users/ericbyungkim/Desktop/Croxy/Cart-Service/client/components/Rating.jsx": {"path":"/Users/ericbyungkim/Desktop/Croxy/Cart-Service/client/components/Rating.jsx","statementMap":{"0":{"start":{"line":6,"column":4},"end":{"line":6,"column":17}},"1":{"start":{"line":7,"column":4},"end":{"line":9,"column":6}},"2":{"start":{"line":15,"column":8},"end":{"line":15,"column":18}},"3":{"start":{"line":18,"column":8},"end":{"line":18,"column":14}},"4":{"start":{"line":21,"column":8},"end":{"line":21,"column":14}},"5":{"start":{"line":22,"column":20},"end":{"line":22,"column":22}},"6":{"start":{"line":23,"column":4},"end":{"line":36,"column":5}},"7":{"start":{"line":23,"column":17},"end":{"line":23,"column":18}},"8":{"start":{"line":24,"column":6},"end":{"line":35,"column":7}},"9":{"start":{"line":25,"column":8},"end":{"line":31,"column":9}},"10":{"start":{"line":26,"column":10},"end":{"line":26,"column":431}},"11":{"start":{"line":27,"column":10},"end":{"line":27,"column":36}},"12":{"start":{"line":29,"column":10},"end":{"line":29,"column":482}},"13":{"start":{"line":30,"column":10},"end":{"line":30,"column":36}},"14":{"start":{"line":33,"column":8},"end":{"line":33,"column":319}},"15":{"start":{"line":34,"column":8},"end":{"line":34,"column":19}},"16":{"start":{"line":37,"column":4},"end":{"line":50,"column":6}},"17":{"start":{"line":54,"column":0},"end":{"line":60,"column":2}},"18":{"start":{"line":62,"column":0},"end":{"line":68,"column":2}}},"fnMap":{"0":{"name":"(anonymous_0)","decl":{"start":{"line":5,"column":2},"end":{"line":5,"column":3}},"loc":{"start":{"line":5,"column":21},"end":{"line":10,"column":3}},"line":5},"1":{"name":"(anonymous_1)","decl":{"start":{"line":12,"column":2},"end":{"line":12,"column":3}},"loc":{"start":{"line":12,"column":11},"end":{"line":51,"column":3}},"line":12}},"branchMap":{"0":{"loc":{"start":{"line":24,"column":6},"end":{"line":35,"column":7}},"type":"if","locations":[{"start":{"line":24,"column":6},"end":{"line":35,"column":7}},{"start":{"line":24,"column":6},"end":{"line":35,"column":7}}],"line":24},"1":{"loc":{"start":{"line":25,"column":8},"end":{"line":31,"column":9}},"type":"if","locations":[{"start":{"line":25,"column":8},"end":{"line":31,"column":9}},{"start":{"line":25,"column":8},"end":{"line":31,"column":9}}],"line":25},"2":{"loc":{"start":{"line":25,"column":12},"end":{"line":25,"column":40}},"type":"binary-expr","locations":[{"start":{"line":25,"column":12},"end":{"line":25,"column":25}},{"start":{"line":25,"column":29},"end":{"line":25,"column":40}}],"line":25}},"s":{"0":4,"1":4,"2":7,"3":7,"4":7,"5":7,"6":7,"7":7,"8":35,"9":21,"10":1,"11":1,"12":20,"13":20,"14":14,"15":14,"16":7,"17":2,"18":2},"f":{"0":4,"1":7},"b":{"0":[21,14],"1":[1,20],"2":[21,1]},"_coverageSchema":"1a1c01bbd47fc00a2c39e90264f33305004495a9","hash":"4eb498967207149f16da75629ae4577c7e9b86dc"}
,"/Users/ericbyungkim/Desktop/Croxy/Cart-Service/client/components/Selector.jsx": {"path":"/Users/ericbyungkim/Desktop/Croxy/Cart-Service/client/components/Selector.jsx","statementMap":{"0":{"start":{"line":6,"column":4},"end":{"line":6,"column":17}},"1":{"start":{"line":7,"column":4},"end":{"line":9,"column":6}},"2":{"start":{"line":13,"column":26},"end":{"line":13,"column":36}},"3":{"start":{"line":14,"column":12},"end":{"line":14,"column":14}},"4":{"start":{"line":15,"column":12},"end":{"line":15,"column":14}},"5":{"start":{"line":17,"column":6},"end":{"line":17,"column":13}},"6":{"start":{"line":18,"column":6},"end":{"line":22,"column":8}},"7":{"start":{"line":25,"column":6},"end":{"line":25,"column":13}},"8":{"start":{"line":26,"column":6},"end":{"line":26,"column":13}},"9":{"start":{"line":27,"column":6},"end":{"line":35,"column":8}},"10":{"start":{"line":37,"column":25},"end":{"line":37,"column":49}},"11":{"start":{"line":39,"column":4},"end":{"line":43,"column":6}},"12":{"start":{"line":49,"column":0},"end":{"line":56,"column":2}},"13":{"start":{"line":58,"column":0},"end":{"line":63,"column":2}}},"fnMap":{"0":{"name":"(anonymous_0)","decl":{"start":{"line":5,"column":2},"end":{"line":5,"column":3}},"loc":{"start":{"line":5,"column":21},"end":{"line":10,"column":3}},"line":5},"1":{"name":"(anonymous_1)","decl":{"start":{"line":12,"column":2},"end":{"line":12,"column":3}},"loc":{"start":{"line":12,"column":11},"end":{"line":44,"column":3}},"line":12},"2":{"name":"selectorMap","decl":{"start":{"line":16,"column":13},"end":{"line":16,"column":24}},"loc":{"start":{"line":16,"column":34},"end":{"line":23,"column":5}},"line":16},"3":{"name":"optionMap","decl":{"start":{"line":24,"column":13},"end":{"line":24,"column":22}},"loc":{"start":{"line":24,"column":31},"end":{"line":36,"column":5}},"line":24}},"branchMap":{},"s":{"0":2,"1":2,"2":5,"3":5,"4":5,"5":21,"6":21,"7":8,"8":8,"9":8,"10":5,"11":5,"12":2,"13":2},"f":{"0":2,"1":5,"2":21,"3":8},"b":{},"_coverageSchema":"1a1c01bbd47fc00a2c39e90264f33305004495a9","hash":"74bbda27317029e6b4fc24cf22248d15437d307c"}
,"/Users/ericbyungkim/Desktop/Croxy/Cart-Service/client/components/Seller.jsx": {"path":"/Users/ericbyungkim/Desktop/Croxy/Cart-Service/client/components/Seller.jsx","statementMap":{"0":{"start":{"line":7,"column":4},"end":{"line":7,"column":17}},"1":{"start":{"line":8,"column":4},"end":{"line":13,"column":6}},"2":{"start":{"line":14,"column":4},"end":{"line":14,"column":42}},"3":{"start":{"line":15,"column":4},"end":{"line":15,"column":41}},"4":{"start":{"line":16,"column":4},"end":{"line":16,"column":53}},"5":{"start":{"line":17,"column":4},"end":{"line":17,"column":53}},"6":{"start":{"line":18,"column":4},"end":{"line":18,"column":45}},"7":{"start":{"line":19,"column":4},"end":{"line":19,"column":59}},"8":{"start":{"line":20,"column":4},"end":{"line":20,"column":53}},"9":{"start":{"line":24,"column":4},"end":{"line":24,"column":23}},"10":{"start":{"line":25,"column":22},"end":{"line":25,"column":32}},"11":{"start":{"line":26,"column":27},"end":{"line":26,"column":37}},"12":{"start":{"line":27,"column":4},"end":{"line":27,"column":29}},"13":{"start":{"line":28,"column":4},"end":{"line":28,"column":17}},"14":{"start":{"line":29,"column":4},"end":{"line":29,"column":43}},"15":{"start":{"line":33,"column":4},"end":{"line":36,"column":5}},"16":{"start":{"line":34,"column":6},"end":{"line":34,"column":25}},"17":{"start":{"line":35,"column":6},"end":{"line":35,"column":40}},"18":{"start":{"line":40,"column":20},"end":{"line":40,"column":34}},"19":{"start":{"line":41,"column":4},"end":{"line":41,"column":31}},"20":{"start":{"line":45,"column":27},"end":{"line":45,"column":37}},"21":{"start":{"line":46,"column":4},"end":{"line":50,"column":5}},"22":{"start":{"line":47,"column":6},"end":{"line":47,"column":33}},"23":{"start":{"line":49,"column":6},"end":{"line":49,"column":28}},"24":{"start":{"line":51,"column":4},"end":{"line":51,"column":36}},"25":{"start":{"line":55,"column":27},"end":{"line":55,"column":37}},"26":{"start":{"line":56,"column":4},"end":{"line":60,"column":5}},"27":{"start":{"line":57,"column":6},"end":{"line":57,"column":36}},"28":{"start":{"line":59,"column":6},"end":{"line":59,"column":28}},"29":{"start":{"line":61,"column":4},"end":{"line":61,"column":36}},"30":{"start":{"line":65,"column":33},"end":{"line":65,"column":43}},"31":{"start":{"line":66,"column":21},"end":{"line":66,"column":27}},"32":{"start":{"line":72,"column":8},"end":{"line":72,"column":18}},"33":{"start":{"line":73,"column":4},"end":{"line":147,"column":6}},"34":{"start":{"line":151,"column":0},"end":{"line":156,"column":2}},"35":{"start":{"line":158,"column":0},"end":{"line":163,"column":2}}},"fnMap":{"0":{"name":"(anonymous_0)","decl":{"start":{"line":6,"column":2},"end":{"line":6,"column":3}},"loc":{"start":{"line":6,"column":21},"end":{"line":21,"column":3}},"line":6},"1":{"name":"(anonymous_1)","decl":{"start":{"line":23,"column":2},"end":{"line":23,"column":3}},"loc":{"start":{"line":23,"column":18},"end":{"line":30,"column":3}},"line":23},"2":{"name":"(anonymous_2)","decl":{"start":{"line":32,"column":2},"end":{"line":32,"column":3}},"loc":{"start":{"line":32,"column":18},"end":{"line":37,"column":3}},"line":32},"3":{"name":"(anonymous_3)","decl":{"start":{"line":39,"column":2},"end":{"line":39,"column":3}},"loc":{"start":{"line":39,"column":14},"end":{"line":42,"column":3}},"line":39},"4":{"name":"(anonymous_4)","decl":{"start":{"line":44,"column":2},"end":{"line":44,"column":3}},"loc":{"start":{"line":44,"column":20},"end":{"line":52,"column":3}},"line":44},"5":{"name":"(anonymous_5)","decl":{"start":{"line":54,"column":2},"end":{"line":54,"column":3}},"loc":{"start":{"line":54,"column":17},"end":{"line":62,"column":3}},"line":54},"6":{"name":"(anonymous_6)","decl":{"start":{"line":64,"column":2},"end":{"line":64,"column":3}},"loc":{"start":{"line":64,"column":11},"end":{"line":148,"column":3}},"line":64}},"branchMap":{"0":{"loc":{"start":{"line":33,"column":4},"end":{"line":36,"column":5}},"type":"if","locations":[{"start":{"line":33,"column":4},"end":{"line":36,"column":5}},{"start":{"line":33,"column":4},"end":{"line":36,"column":5}}],"line":33},"1":{"loc":{"start":{"line":33,"column":8},"end":{"line":33,"column":48}},"type":"binary-expr","locations":[{"start":{"line":33,"column":8},"end":{"line":33,"column":24}},{"start":{"line":33,"column":28},"end":{"line":33,"column":48}}],"line":33},"2":{"loc":{"start":{"line":46,"column":4},"end":{"line":50,"column":5}},"type":"if","locations":[{"start":{"line":46,"column":4},"end":{"line":50,"column":5}},{"start":{"line":46,"column":4},"end":{"line":50,"column":5}}],"line":46},"3":{"loc":{"start":{"line":56,"column":4},"end":{"line":60,"column":5}},"type":"if","locations":[{"start":{"line":56,"column":4},"end":{"line":60,"column":5}},{"start":{"line":56,"column":4},"end":{"line":60,"column":5}}],"line":56}},"s":{"0":2,"1":2,"2":2,"3":2,"4":2,"5":2,"6":2,"7":2,"8":2,"9":1,"10":1,"11":1,"12":1,"13":1,"14":1,"15":2,"16":1,"17":1,"18":1,"19":1,"20":2,"21":2,"22":1,"23":1,"24":2,"25":2,"26":2,"27":1,"28":1,"29":2,"30":11,"31":11,"32":11,"33":11,"34":2,"35":2},"f":{"0":2,"1":1,"2":2,"3":1,"4":2,"5":2,"6":11},"b":{"0":[1,1],"1":[2,1],"2":[1,1],"3":[1,1]},"_coverageSchema":"1a1c01bbd47fc00a2c39e90264f33305004495a9","hash":"e763f61fa4ec9a7713028610ec1a9b3785e185e1"}
,"/Users/ericbyungkim/Desktop/Croxy/Cart-Service/client/components/Shipping.jsx": {"path":"/Users/ericbyungkim/Desktop/Croxy/Cart-Service/client/components/Shipping.jsx","statementMap":{"0":{"start":{"line":9,"column":4},"end":{"line":9,"column":17}},"1":{"start":{"line":10,"column":4},"end":{"line":18,"column":6}},"2":{"start":{"line":19,"column":4},"end":{"line":19,"column":47}},"3":{"start":{"line":20,"column":4},"end":{"line":20,"column":61}},"4":{"start":{"line":21,"column":4},"end":{"line":21,"column":59}},"5":{"start":{"line":22,"column":4},"end":{"line":22,"column":51}},"6":{"start":{"line":23,"column":4},"end":{"line":23,"column":49}},"7":{"start":{"line":27,"column":25},"end":{"line":27,"column":35}},"8":{"start":{"line":28,"column":4},"end":{"line":28,"column":22}},"9":{"start":{"line":29,"column":4},"end":{"line":29,"column":34}},"10":{"start":{"line":33,"column":26},"end":{"line":33,"column":36}},"11":{"start":{"line":34,"column":4},"end":{"line":34,"column":23}},"12":{"start":{"line":35,"column":4},"end":{"line":35,"column":35}},"13":{"start":{"line":39,"column":25},"end":{"line":39,"column":35}},"14":{"start":{"line":40,"column":4},"end":{"line":44,"column":5}},"15":{"start":{"line":41,"column":6},"end":{"line":41,"column":26}},"16":{"start":{"line":43,"column":6},"end":{"line":43,"column":26}},"17":{"start":{"line":45,"column":4},"end":{"line":45,"column":34}},"18":{"start":{"line":49,"column":21},"end":{"line":49,"column":39}},"19":{"start":{"line":50,"column":4},"end":{"line":62,"column":5}},"20":{"start":{"line":51,"column":23},"end":{"line":51,"column":39}},"21":{"start":{"line":52,"column":6},"end":{"line":52,"column":34}},"22":{"start":{"line":53,"column":11},"end":{"line":62,"column":5}},"23":{"start":{"line":54,"column":23},"end":{"line":54,"column":39}},"24":{"start":{"line":55,"column":6},"end":{"line":55,"column":34}},"25":{"start":{"line":56,"column":11},"end":{"line":62,"column":5}},"26":{"start":{"line":57,"column":23},"end":{"line":57,"column":39}},"27":{"start":{"line":58,"column":6},"end":{"line":58,"column":34}},"28":{"start":{"line":59,"column":11},"end":{"line":62,"column":5}},"29":{"start":{"line":60,"column":23},"end":{"line":60,"column":39}},"30":{"start":{"line":61,"column":6},"end":{"line":61,"column":34}},"31":{"start":{"line":66,"column":21},"end":{"line":66,"column":39}},"32":{"start":{"line":67,"column":4},"end":{"line":79,"column":5}},"33":{"start":{"line":68,"column":23},"end":{"line":68,"column":29}},"34":{"start":{"line":69,"column":6},"end":{"line":69,"column":34}},"35":{"start":{"line":70,"column":11},"end":{"line":79,"column":5}},"36":{"start":{"line":71,"column":23},"end":{"line":71,"column":29}},"37":{"start":{"line":72,"column":6},"end":{"line":72,"column":34}},"38":{"start":{"line":73,"column":11},"end":{"line":79,"column":5}},"39":{"start":{"line":74,"column":23},"end":{"line":74,"column":29}},"40":{"start":{"line":75,"column":6},"end":{"line":75,"column":34}},"41":{"start":{"line":76,"column":11},"end":{"line":79,"column":5}},"42":{"start":{"line":77,"column":23},"end":{"line":77,"column":29}},"43":{"start":{"line":78,"column":6},"end":{"line":78,"column":34}},"44":{"start":{"line":89,"column":8},"end":{"line":89,"column":18}},"45":{"start":{"line":96,"column":8},"end":{"line":96,"column":18}},"46":{"start":{"line":98,"column":19},"end":{"line":98,"column":52}},"47":{"start":{"line":99,"column":6},"end":{"line":99,"column":96}},"48":{"start":{"line":101,"column":24},"end":{"line":101,"column":48}},"49":{"start":{"line":102,"column":25},"end":{"line":102,"column":104}},"50":{"start":{"line":103,"column":24},"end":{"line":103,"column":40}},"51":{"start":{"line":104,"column":4},"end":{"line":243,"column":6}},"52":{"start":{"line":247,"column":0},"end":{"line":264,"column":2}},"53":{"start":{"line":266,"column":0},"end":{"line":283,"column":2}}},"fnMap":{"0":{"name":"(anonymous_0)","decl":{"start":{"line":8,"column":2},"end":{"line":8,"column":3}},"loc":{"start":{"line":8,"column":21},"end":{"line":24,"column":3}},"line":8},"1":{"name":"(anonymous_1)","decl":{"start":{"line":26,"column":2},"end":{"line":26,"column":3}},"loc":{"start":{"line":26,"column":15},"end":{"line":30,"column":3}},"line":26},"2":{"name":"(anonymous_2)","decl":{"start":{"line":32,"column":2},"end":{"line":32,"column":3}},"loc":{"start":{"line":32,"column":16},"end":{"line":36,"column":3}},"line":32},"3":{"name":"(anonymous_3)","decl":{"start":{"line":38,"column":2},"end":{"line":38,"column":3}},"loc":{"start":{"line":38,"column":14},"end":{"line":46,"column":3}},"line":38},"4":{"name":"(anonymous_4)","decl":{"start":{"line":48,"column":2},"end":{"line":48,"column":3}},"loc":{"start":{"line":48,"column":22},"end":{"line":63,"column":3}},"line":48},"5":{"name":"(anonymous_5)","decl":{"start":{"line":65,"column":2},"end":{"line":65,"column":3}},"loc":{"start":{"line":65,"column":21},"end":{"line":80,"column":3}},"line":65},"6":{"name":"(anonymous_6)","decl":{"start":{"line":82,"column":2},"end":{"line":82,"column":3}},"loc":{"start":{"line":82,"column":11},"end":{"line":244,"column":3}},"line":82},"7":{"name":"getShippedDate","decl":{"start":{"line":97,"column":13},"end":{"line":97,"column":27}},"loc":{"start":{"line":97,"column":30},"end":{"line":100,"column":5}},"line":97}},"branchMap":{"0":{"loc":{"start":{"line":40,"column":4},"end":{"line":44,"column":5}},"type":"if","locations":[{"start":{"line":40,"column":4},"end":{"line":44,"column":5}},{"start":{"line":40,"column":4},"end":{"line":44,"column":5}}],"line":40},"1":{"loc":{"start":{"line":50,"column":4},"end":{"line":62,"column":5}},"type":"if","locations":[{"start":{"line":50,"column":4},"end":{"line":62,"column":5}},{"start":{"line":50,"column":4},"end":{"line":62,"column":5}}],"line":50},"2":{"loc":{"start":{"line":53,"column":11},"end":{"line":62,"column":5}},"type":"if","locations":[{"start":{"line":53,"column":11},"end":{"line":62,"column":5}},{"start":{"line":53,"column":11},"end":{"line":62,"column":5}}],"line":53},"3":{"loc":{"start":{"line":56,"column":11},"end":{"line":62,"column":5}},"type":"if","locations":[{"start":{"line":56,"column":11},"end":{"line":62,"column":5}},{"start":{"line":56,"column":11},"end":{"line":62,"column":5}}],"line":56},"4":{"loc":{"start":{"line":59,"column":11},"end":{"line":62,"column":5}},"type":"if","locations":[{"start":{"line":59,"column":11},"end":{"line":62,"column":5}},{"start":{"line":59,"column":11},"end":{"line":62,"column":5}}],"line":59},"5":{"loc":{"start":{"line":67,"column":4},"end":{"line":79,"column":5}},"type":"if","locations":[{"start":{"line":67,"column":4},"end":{"line":79,"column":5}},{"start":{"line":67,"column":4},"end":{"line":79,"column":5}}],"line":67},"6":{"loc":{"start":{"line":70,"column":11},"end":{"line":79,"column":5}},"type":"if","locations":[{"start":{"line":70,"column":11},"end":{"line":79,"column":5}},{"start":{"line":70,"column":11},"end":{"line":79,"column":5}}],"line":70},"7":{"loc":{"start":{"line":73,"column":11},"end":{"line":79,"column":5}},"type":"if","locations":[{"start":{"line":73,"column":11},"end":{"line":79,"column":5}},{"start":{"line":73,"column":11},"end":{"line":79,"column":5}}],"line":73},"8":{"loc":{"start":{"line":76,"column":11},"end":{"line":79,"column":5}},"type":"if","locations":[{"start":{"line":76,"column":11},"end":{"line":79,"column":5}},{"start":{"line":76,"column":11},"end":{"line":79,"column":5}}],"line":76}},"s":{"0":1,"1":1,"2":1,"3":1,"4":1,"5":1,"6":1,"7":1,"8":1,"9":1,"10":1,"11":1,"12":1,"13":2,"14":2,"15":1,"16":1,"17":2,"18":5,"19":5,"20":1,"21":1,"22":4,"23":1,"24":1,"25":3,"26":1,"27":1,"28":2,"29":1,"30":1,"31":5,"32":5,"33":1,"34":1,"35":4,"36":1,"37":1,"38":3,"39":1,"40":1,"41":2,"42":1,"43":1,"44":14,"45":14,"46":14,"47":14,"48":14,"49":14,"50":14,"51":14,"52":3,"53":3},"f":{"0":1,"1":1,"2":1,"3":2,"4":5,"5":5,"6":14,"7":14},"b":{"0":[1,1],"1":[1,4],"2":[1,3],"3":[1,2],"4":[1,1],"5":[1,4],"6":[1,3],"7":[1,2],"8":[1,1]},"_coverageSchema":"1a1c01bbd47fc00a2c39e90264f33305004495a9","hash":"866acbaa5707a42c70994f98dfff47f613c397d1"}
,"/Users/ericbyungkim/Desktop/Croxy/Cart-Service/client/components/ShippingCost.jsx": {"path":"/Users/ericbyungkim/Desktop/Croxy/Cart-Service/client/components/ShippingCost.jsx","statementMap":{"0":{"start":{"line":6,"column":4},"end":{"line":6,"column":17}},"1":{"start":{"line":7,"column":4},"end":{"line":13,"column":6}},"2":{"start":{"line":14,"column":4},"end":{"line":14,"column":45}},"3":{"start":{"line":15,"column":4},"end":{"line":15,"column":53}},"4":{"start":{"line":16,"column":4},"end":{"line":16,"column":47}},"5":{"start":{"line":17,"column":4},"end":{"line":17,"column":51}},"6":{"start":{"line":18,"column":4},"end":{"line":18,"column":51}},"7":{"start":{"line":22,"column":21},"end":{"line":22,"column":31}},"8":{"start":{"line":23,"column":4},"end":{"line":23,"column":21}},"9":{"start":{"line":24,"column":4},"end":{"line":24,"column":30}},"10":{"start":{"line":28,"column":4},"end":{"line":28,"column":23}},"11":{"start":{"line":29,"column":4},"end":{"line":29,"column":21}},"12":{"start":{"line":38,"column":8},"end":{"line":38,"column":18}},"13":{"start":{"line":42,"column":8},"end":{"line":42,"column":18}},"14":{"start":{"line":43,"column":4},"end":{"line":45,"column":5}},"15":{"start":{"line":44,"column":6},"end":{"line":44,"column":30}},"16":{"start":{"line":46,"column":4},"end":{"line":46,"column":30}},"17":{"start":{"line":47,"column":4},"end":{"line":47,"column":53}},"18":{"start":{"line":48,"column":4},"end":{"line":48,"column":23}},"19":{"start":{"line":49,"column":4},"end":{"line":49,"column":17}},"20":{"start":{"line":50,"column":4},"end":{"line":50,"column":55}},"21":{"start":{"line":54,"column":20},"end":{"line":54,"column":34}},"22":{"start":{"line":55,"column":4},"end":{"line":55,"column":31}},"23":{"start":{"line":59,"column":32},"end":{"line":59,"column":42}},"24":{"start":{"line":60,"column":4},"end":{"line":338,"column":5}},"25":{"start":{"line":61,"column":6},"end":{"line":337,"column":8}},"26":{"start":{"line":339,"column":4},"end":{"line":339,"column":20}},"27":{"start":{"line":345,"column":8},"end":{"line":345,"column":18}},"28":{"start":{"line":349,"column":8},"end":{"line":349,"column":18}},"29":{"start":{"line":351,"column":4},"end":{"line":371,"column":6}},"30":{"start":{"line":375,"column":0},"end":{"line":378,"column":2}},"31":{"start":{"line":380,"column":0},"end":{"line":383,"column":2}}},"fnMap":{"0":{"name":"(anonymous_0)","decl":{"start":{"line":5,"column":2},"end":{"line":5,"column":3}},"loc":{"start":{"line":5,"column":21},"end":{"line":19,"column":3}},"line":5},"1":{"name":"(anonymous_1)","decl":{"start":{"line":21,"column":2},"end":{"line":21,"column":3}},"loc":{"start":{"line":21,"column":13},"end":{"line":25,"column":3}},"line":21},"2":{"name":"(anonymous_2)","decl":{"start":{"line":27,"column":2},"end":{"line":27,"column":3}},"loc":{"start":{"line":27,"column":18},"end":{"line":30,"column":3}},"line":27},"3":{"name":"(anonymous_3)","decl":{"start":{"line":32,"column":2},"end":{"line":32,"column":3}},"loc":{"start":{"line":32,"column":14},"end":{"line":51,"column":3}},"line":32},"4":{"name":"(anonymous_4)","decl":{"start":{"line":53,"column":2},"end":{"line":53,"column":3}},"loc":{"start":{"line":53,"column":17},"end":{"line":56,"column":3}},"line":53},"5":{"name":"(anonymous_5)","decl":{"start":{"line":58,"column":2},"end":{"line":58,"column":3}},"loc":{"start":{"line":58,"column":16},"end":{"line":340,"column":3}},"line":58},"6":{"name":"(anonymous_6)","decl":{"start":{"line":342,"column":2},"end":{"line":342,"column":3}},"loc":{"start":{"line":342,"column":11},"end":{"line":372,"column":3}},"line":342},"7":{"name":"(anonymous_7)","decl":{"start":{"line":381,"column":13},"end":{"line":381,"column":14}},"loc":{"start":{"line":381,"column":19},"end":{"line":381,"column":21}},"line":381}},"branchMap":{"0":{"loc":{"start":{"line":43,"column":4},"end":{"line":45,"column":5}},"type":"if","locations":[{"start":{"line":43,"column":4},"end":{"line":45,"column":5}},{"start":{"line":43,"column":4},"end":{"line":45,"column":5}}],"line":43},"1":{"loc":{"start":{"line":60,"column":4},"end":{"line":338,"column":5}},"type":"if","locations":[{"start":{"line":60,"column":4},"end":{"line":338,"column":5}},{"start":{"line":60,"column":4},"end":{"line":338,"column":5}}],"line":60}},"s":{"0":2,"1":2,"2":2,"3":2,"4":2,"5":2,"6":2,"7":1,"8":1,"9":1,"10":1,"11":1,"12":2,"13":2,"14":2,"15":1,"16":2,"17":2,"18":2,"19":2,"20":2,"21":1,"22":1,"23":19,"24":19,"25":4,"26":15,"27":19,"28":19,"29":19,"30":4,"31":4},"f":{"0":2,"1":1,"2":1,"3":2,"4":1,"5":19,"6":19,"7":2},"b":{"0":[1,1],"1":[4,15]},"_coverageSchema":"1a1c01bbd47fc00a2c39e90264f33305004495a9","hash":"50444c6810148976a72783f2095aa71d833d8eff"}
,"/Users/ericbyungkim/Desktop/Croxy/Cart-Service/client/components/ShippingPolicies.jsx": {"path":"/Users/ericbyungkim/Desktop/Croxy/Cart-Service/client/components/ShippingPolicies.jsx","statementMap":{"0":{"start":{"line":7,"column":4},"end":{"line":7,"column":17}},"1":{"start":{"line":8,"column":4},"end":{"line":12,"column":6}},"2":{"start":{"line":13,"column":4},"end":{"line":13,"column":57}},"3":{"start":{"line":14,"column":4},"end":{"line":14,"column":53}},"4":{"start":{"line":15,"column":4},"end":{"line":15,"column":59}},"5":{"start":{"line":19,"column":27},"end":{"line":19,"column":37}},"6":{"start":{"line":20,"column":30},"end":{"line":20,"column":40}},"7":{"start":{"line":21,"column":12},"end":{"line":21,"column":13}},"8":{"start":{"line":31,"column":22},"end":{"line":37,"column":6}},"9":{"start":{"line":32,"column":6},"end":{"line":36,"column":8}},"10":{"start":{"line":38,"column":4},"end":{"line":42,"column":6}},"11":{"start":{"line":46,"column":27},"end":{"line":46,"column":37}},"12":{"start":{"line":47,"column":24},"end":{"line":47,"column":34}},"13":{"start":{"line":48,"column":63},"end":{"line":48,"column":73}},"14":{"start":{"line":49,"column":4},"end":{"line":97,"column":5}},"15":{"start":{"line":50,"column":6},"end":{"line":96,"column":8}},"16":{"start":{"line":98,"column":4},"end":{"line":98,"column":20}},"17":{"start":{"line":102,"column":61},"end":{"line":102,"column":71}},"18":{"start":{"line":103,"column":4},"end":{"line":111,"column":5}},"19":{"start":{"line":104,"column":6},"end":{"line":104,"column":46}},"20":{"start":{"line":105,"column":6},"end":{"line":105,"column":32}},"21":{"start":{"line":106,"column":6},"end":{"line":106,"column":35}},"22":{"start":{"line":108,"column":6},"end":{"line":108,"column":33}},"23":{"start":{"line":109,"column":6},"end":{"line":109,"column":48}},"24":{"start":{"line":110,"column":6},"end":{"line":110,"column":35}},"25":{"start":{"line":112,"column":4},"end":{"line":112,"column":70}},"26":{"start":{"line":121,"column":8},"end":{"line":121,"column":18}},"27":{"start":{"line":122,"column":28},"end":{"line":122,"column":38}},"28":{"start":{"line":123,"column":4},"end":{"line":175,"column":6}},"29":{"start":{"line":179,"column":0},"end":{"line":188,"column":2}},"30":{"start":{"line":190,"column":0},"end":{"line":199,"column":2}}},"fnMap":{"0":{"name":"(anonymous_0)","decl":{"start":{"line":6,"column":2},"end":{"line":6,"column":3}},"loc":{"start":{"line":6,"column":21},"end":{"line":16,"column":3}},"line":6},"1":{"name":"(anonymous_1)","decl":{"start":{"line":18,"column":2},"end":{"line":18,"column":3}},"loc":{"start":{"line":18,"column":19},"end":{"line":43,"column":3}},"line":18},"2":{"name":"(anonymous_2)","decl":{"start":{"line":31,"column":40},"end":{"line":31,"column":41}},"loc":{"start":{"line":31,"column":51},"end":{"line":37,"column":5}},"line":31},"3":{"name":"(anonymous_3)","decl":{"start":{"line":45,"column":2},"end":{"line":45,"column":3}},"loc":{"start":{"line":45,"column":17},"end":{"line":99,"column":3}},"line":45},"4":{"name":"(anonymous_4)","decl":{"start":{"line":101,"column":2},"end":{"line":101,"column":3}},"loc":{"start":{"line":101,"column":20},"end":{"line":113,"column":3}},"line":101},"5":{"name":"(anonymous_5)","decl":{"start":{"line":115,"column":2},"end":{"line":115,"column":3}},"loc":{"start":{"line":115,"column":11},"end":{"line":176,"column":3}},"line":115},"6":{"name":"(anonymous_6)","decl":{"start":{"line":197,"column":13},"end":{"line":197,"column":14}},"loc":{"start":{"line":197,"column":19},"end":{"line":197,"column":22}},"line":197}},"branchMap":{"0":{"loc":{"start":{"line":49,"column":4},"end":{"line":97,"column":5}},"type":"if","locations":[{"start":{"line":49,"column":4},"end":{"line":97,"column":5}},{"start":{"line":49,"column":4},"end":{"line":97,"column":5}}],"line":49},"1":{"loc":{"start":{"line":103,"column":4},"end":{"line":111,"column":5}},"type":"if","locations":[{"start":{"line":103,"column":4},"end":{"line":111,"column":5}},{"start":{"line":103,"column":4},"end":{"line":111,"column":5}}],"line":103}},"s":{"0":4,"1":4,"2":4,"3":4,"4":4,"5":7,"6":7,"7":7,"8":7,"9":2,"10":7,"11":24,"12":24,"13":24,"14":24,"15":5,"16":19,"17":3,"18":3,"19":1,"20":1,"21":1,"22":2,"23":2,"24":2,"25":3,"26":21,"27":21,"28":21,"29":4,"30":4},"f":{"0":4,"1":7,"2":2,"3":24,"4":3,"5":21,"6":0},"b":{"0":[5,19],"1":[1,2]},"_coverageSchema":"1a1c01bbd47fc00a2c39e90264f33305004495a9","hash":"f06426d5398982cb732d21f610c656e6e498293d"}
,"/Users/ericbyungkim/Desktop/Croxy/Cart-Service/keys/BING_API_KEY.js": {"path":"/Users/ericbyungkim/Desktop/Croxy/Cart-Service/keys/BING_API_KEY.js","statementMap":{"0":{"start":{"line":1,"column":17},"end":{"line":1,"column":83}}},"fnMap":{},"branchMap":{},"s":{"0":1},"f":{},"b":{},"_coverageSchema":"1a1c01bbd47fc00a2c39e90264f33305004495a9","hash":"0814194e877e8a4f4634bcca16963ba9f2e6ad5a"}
}
