{"/Users/ericbyungkim/Desktop/Croxy/Cart-Service/client/components/App.jsx": {"path":"/Users/ericbyungkim/Desktop/Croxy/Cart-Service/client/components/App.jsx","statementMap":{"0":{"start":{"line":13,"column":4},"end":{"line":13,"column":12}},"1":{"start":{"line":14,"column":4},"end":{"line":45,"column":6}},"2":{"start":{"line":49,"column":20},"end":{"line":49,"column":50}},"3":{"start":{"line":50,"column":24},"end":{"line":50,"column":34}},"4":{"start":{"line":51,"column":4},"end":{"line":74,"column":9}},"5":{"start":{"line":56,"column":12},"end":{"line":56,"column":21}},"6":{"start":{"line":57,"column":40},"end":{"line":57,"column":55}},"7":{"start":{"line":58,"column":21},"end":{"line":58,"column":29}},"8":{"start":{"line":59,"column":22},"end":{"line":59,"column":31}},"9":{"start":{"line":60,"column":8},"end":{"line":73,"column":13}},"10":{"start":{"line":62,"column":30},"end":{"line":62,"column":71}},"11":{"start":{"line":63,"column":25},"end":{"line":63,"column":66}},"12":{"start":{"line":64,"column":26},"end":{"line":64,"column":67}},"13":{"start":{"line":65,"column":12},"end":{"line":72,"column":17}},"14":{"start":{"line":67,"column":40},"end":{"line":67,"column":86}},"15":{"start":{"line":68,"column":33},"end":{"line":68,"column":74}},"16":{"start":{"line":69,"column":16},"end":{"line":71,"column":19}},"17":{"start":{"line":80,"column":8},"end":{"line":80,"column":18}},"18":{"start":{"line":81,"column":23},"end":{"line":84,"column":5}},"19":{"start":{"line":85,"column":21},"end":{"line":85,"column":27}},"20":{"start":{"line":86,"column":4},"end":{"line":100,"column":6}}},"fnMap":{"0":{"name":"(anonymous_0)","decl":{"start":{"line":12,"column":2},"end":{"line":12,"column":3}},"loc":{"start":{"line":12,"column":16},"end":{"line":46,"column":3}},"line":12},"1":{"name":"(anonymous_1)","decl":{"start":{"line":48,"column":2},"end":{"line":48,"column":3}},"loc":{"start":{"line":48,"column":22},"end":{"line":75,"column":3}},"line":48},"2":{"name":"(anonymous_2)","decl":{"start":{"line":53,"column":12},"end":{"line":53,"column":13}},"loc":{"start":{"line":53,"column":22},"end":{"line":74,"column":7}},"line":53},"3":{"name":"(anonymous_3)","decl":{"start":{"line":61,"column":16},"end":{"line":61,"column":17}},"loc":{"start":{"line":61,"column":29},"end":{"line":73,"column":11}},"line":61},"4":{"name":"(anonymous_4)","decl":{"start":{"line":66,"column":20},"end":{"line":66,"column":21}},"loc":{"start":{"line":66,"column":38},"end":{"line":72,"column":15}},"line":66},"5":{"name":"(anonymous_5)","decl":{"start":{"line":77,"column":2},"end":{"line":77,"column":3}},"loc":{"start":{"line":77,"column":11},"end":{"line":101,"column":3}},"line":77}},"branchMap":{},"s":{"0":1,"1":1,"2":1,"3":1,"4":1,"5":0,"6":0,"7":0,"8":0,"9":0,"10":0,"11":0,"12":0,"13":0,"14":0,"15":0,"16":0,"17":1,"18":1,"19":1,"20":1},"f":{"0":1,"1":1,"2":0,"3":0,"4":0,"5":1},"b":{},"_coverageSchema":"1a1c01bbd47fc00a2c39e90264f33305004495a9","hash":"23b1f7123010ec6f549cf16a4256f2d45ff5b465"}
,"/Users/ericbyungkim/Desktop/Croxy/Cart-Service/client/components/ExtDetails.jsx": {"path":"/Users/ericbyungkim/Desktop/Croxy/Cart-Service/client/components/ExtDetails.jsx","statementMap":{"0":{"start":{"line":7,"column":4},"end":{"line":7,"column":17}},"1":{"start":{"line":8,"column":4},"end":{"line":12,"column":6}},"2":{"start":{"line":13,"column":4},"end":{"line":13,"column":59}},"3":{"start":{"line":14,"column":4},"end":{"line":14,"column":61}},"4":{"start":{"line":15,"column":4},"end":{"line":15,"column":61}},"5":{"start":{"line":16,"column":4},"end":{"line":16,"column":63}},"6":{"start":{"line":20,"column":31},"end":{"line":20,"column":41}},"7":{"start":{"line":21,"column":4},"end":{"line":27,"column":5}},"8":{"start":{"line":22,"column":6},"end":{"line":26,"column":8}},"9":{"start":{"line":28,"column":4},"end":{"line":28,"column":20}},"10":{"start":{"line":32,"column":35},"end":{"line":32,"column":45}},"11":{"start":{"line":33,"column":4},"end":{"line":39,"column":5}},"12":{"start":{"line":34,"column":6},"end":{"line":38,"column":8}},"13":{"start":{"line":40,"column":4},"end":{"line":40,"column":20}},"14":{"start":{"line":44,"column":32},"end":{"line":44,"column":42}},"15":{"start":{"line":45,"column":53},"end":{"line":45,"column":63}},"16":{"start":{"line":46,"column":4},"end":{"line":50,"column":5}},"17":{"start":{"line":47,"column":6},"end":{"line":49,"column":8}},"18":{"start":{"line":51,"column":4},"end":{"line":51,"column":20}},"19":{"start":{"line":55,"column":4},"end":{"line":67,"column":5}},"20":{"start":{"line":56,"column":31},"end":{"line":56,"column":41}},"21":{"start":{"line":57,"column":6},"end":{"line":57,"column":39}},"22":{"start":{"line":58,"column":6},"end":{"line":58,"column":40}},"23":{"start":{"line":59,"column":11},"end":{"line":67,"column":5}},"24":{"start":{"line":60,"column":35},"end":{"line":60,"column":45}},"25":{"start":{"line":61,"column":6},"end":{"line":61,"column":47}},"26":{"start":{"line":62,"column":6},"end":{"line":62,"column":44}},"27":{"start":{"line":64,"column":32},"end":{"line":64,"column":42}},"28":{"start":{"line":65,"column":6},"end":{"line":65,"column":41}},"29":{"start":{"line":66,"column":6},"end":{"line":66,"column":41}},"30":{"start":{"line":71,"column":27},"end":{"line":71,"column":37}},"31":{"start":{"line":72,"column":36},"end":{"line":72,"column":46}},"32":{"start":{"line":74,"column":6},"end":{"line":89,"column":7}},"33":{"start":{"line":76,"column":8},"end":{"line":81,"column":10}},"34":{"start":{"line":90,"column":6},"end":{"line":95,"column":8}},"35":{"start":{"line":98,"column":30},"end":{"line":98,"column":55}},"36":{"start":{"line":99,"column":6},"end":{"line":121,"column":7}},"37":{"start":{"line":100,"column":8},"end":{"line":120,"column":10}},"38":{"start":{"line":121,"column":8},"end":{"line":168,"column":7}},"39":{"start":{"line":122,"column":8},"end":{"line":167,"column":10}},"40":{"start":{"line":169,"column":6},"end":{"line":171,"column":8}},"41":{"start":{"line":173,"column":4},"end":{"line":227,"column":6}},"42":{"start":{"line":233,"column":0},"end":{"line":251,"column":2}},"43":{"start":{"line":253,"column":0},"end":{"line":271,"column":2}}},"fnMap":{"0":{"name":"(anonymous_0)","decl":{"start":{"line":6,"column":2},"end":{"line":6,"column":3}},"loc":{"start":{"line":6,"column":21},"end":{"line":17,"column":3}},"line":6},"1":{"name":"(anonymous_1)","decl":{"start":{"line":19,"column":2},"end":{"line":19,"column":3}},"loc":{"start":{"line":19,"column":21},"end":{"line":29,"column":3}},"line":19},"2":{"name":"(anonymous_2)","decl":{"start":{"line":31,"column":2},"end":{"line":31,"column":3}},"loc":{"start":{"line":31,"column":21},"end":{"line":41,"column":3}},"line":31},"3":{"name":"(anonymous_3)","decl":{"start":{"line":43,"column":2},"end":{"line":43,"column":3}},"loc":{"start":{"line":43,"column":22},"end":{"line":52,"column":3}},"line":43},"4":{"name":"(anonymous_4)","decl":{"start":{"line":54,"column":2},"end":{"line":54,"column":3}},"loc":{"start":{"line":54,"column":21},"end":{"line":68,"column":3}},"line":54},"5":{"name":"(anonymous_5)","decl":{"start":{"line":70,"column":2},"end":{"line":70,"column":3}},"loc":{"start":{"line":70,"column":11},"end":{"line":228,"column":3}},"line":70},"6":{"name":"getFirstRandDescription","decl":{"start":{"line":73,"column":13},"end":{"line":73,"column":36}},"loc":{"start":{"line":73,"column":39},"end":{"line":96,"column":5}},"line":73},"7":{"name":"getFirstDetail","decl":{"start":{"line":97,"column":13},"end":{"line":97,"column":27}},"loc":{"start":{"line":97,"column":30},"end":{"line":172,"column":5}},"line":97}},"branchMap":{"0":{"loc":{"start":{"line":21,"column":4},"end":{"line":27,"column":5}},"type":"if","locations":[{"start":{"line":21,"column":4},"end":{"line":27,"column":5}},{"start":{"line":21,"column":4},"end":{"line":27,"column":5}}],"line":21},"1":{"loc":{"start":{"line":33,"column":4},"end":{"line":39,"column":5}},"type":"if","locations":[{"start":{"line":33,"column":4},"end":{"line":39,"column":5}},{"start":{"line":33,"column":4},"end":{"line":39,"column":5}}],"line":33},"2":{"loc":{"start":{"line":46,"column":4},"end":{"line":50,"column":5}},"type":"if","locations":[{"start":{"line":46,"column":4},"end":{"line":50,"column":5}},{"start":{"line":46,"column":4},"end":{"line":50,"column":5}}],"line":46},"3":{"loc":{"start":{"line":55,"column":4},"end":{"line":67,"column":5}},"type":"if","locations":[{"start":{"line":55,"column":4},"end":{"line":67,"column":5}},{"start":{"line":55,"column":4},"end":{"line":67,"column":5}}],"line":55},"4":{"loc":{"start":{"line":59,"column":11},"end":{"line":67,"column":5}},"type":"if","locations":[{"start":{"line":59,"column":11},"end":{"line":67,"column":5}},{"start":{"line":59,"column":11},"end":{"line":67,"column":5}}],"line":59},"5":{"loc":{"start":{"line":74,"column":6},"end":{"line":89,"column":7}},"type":"if","locations":[{"start":{"line":74,"column":6},"end":{"line":89,"column":7}},{"start":{"line":74,"column":6},"end":{"line":89,"column":7}}],"line":74},"6":{"loc":{"start":{"line":99,"column":6},"end":{"line":121,"column":7}},"type":"if","locations":[{"start":{"line":99,"column":6},"end":{"line":121,"column":7}},{"start":{"line":99,"column":6},"end":{"line":121,"column":7}}],"line":99},"7":{"loc":{"start":{"line":121,"column":8},"end":{"line":168,"column":7}},"type":"if","locations":[{"start":{"line":121,"column":8},"end":{"line":168,"column":7}},{"start":{"line":121,"column":8},"end":{"line":168,"column":7}}],"line":121}},"s":{"0":1,"1":1,"2":1,"3":1,"4":1,"5":1,"6":1,"7":1,"8":0,"9":1,"10":1,"11":1,"12":0,"13":1,"14":1,"15":1,"16":1,"17":0,"18":1,"19":0,"20":0,"21":0,"22":0,"23":0,"24":0,"25":0,"26":0,"27":0,"28":0,"29":0,"30":1,"31":1,"32":1,"33":1,"34":0,"35":1,"36":1,"37":1,"38":0,"39":0,"40":0,"41":1,"42":1,"43":1},"f":{"0":1,"1":1,"2":1,"3":1,"4":0,"5":1,"6":1,"7":1},"b":{"0":[0,1],"1":[0,1],"2":[0,1],"3":[0,0],"4":[0,0],"5":[1,0],"6":[1,0],"7":[0,0]},"_coverageSchema":"1a1c01bbd47fc00a2c39e90264f33305004495a9","hash":"4a8130a339e0c7df2d82ca43a46fea0764cd5e21"}
,"/Users/ericbyungkim/Desktop/Croxy/Cart-Service/client/components/Info.jsx": {"path":"/Users/ericbyungkim/Desktop/Croxy/Cart-Service/client/components/Info.jsx","statementMap":{"0":{"start":{"line":8,"column":4},"end":{"line":8,"column":17}},"1":{"start":{"line":9,"column":4},"end":{"line":11,"column":6}},"2":{"start":{"line":15,"column":21},"end":{"line":15,"column":31}},"3":{"start":{"line":16,"column":42},"end":{"line":16,"column":46}},"4":{"start":{"line":17,"column":12},"end":{"line":17,"column":13}},"5":{"start":{"line":19,"column":20},"end":{"line":19,"column":33}},"6":{"start":{"line":20,"column":4},"end":{"line":24,"column":5}},"7":{"start":{"line":21,"column":6},"end":{"line":21,"column":22}},"8":{"start":{"line":23,"column":6},"end":{"line":23,"column":22}},"9":{"start":{"line":26,"column":6},"end":{"line":26,"column":13}},"10":{"start":{"line":27,"column":6},"end":{"line":35,"column":7}},"11":{"start":{"line":28,"column":8},"end":{"line":34,"column":10}},"12":{"start":{"line":36,"column":6},"end":{"line":43,"column":7}},"13":{"start":{"line":37,"column":8},"end":{"line":42,"column":10}},"14":{"start":{"line":44,"column":6},"end":{"line":51,"column":8}},"15":{"start":{"line":54,"column":6},"end":{"line":62,"column":7}},"16":{"start":{"line":55,"column":8},"end":{"line":61,"column":10}},"17":{"start":{"line":63,"column":6},"end":{"line":67,"column":8}},"18":{"start":{"line":69,"column":21},"end":{"line":69,"column":38}},"19":{"start":{"line":70,"column":22},"end":{"line":70,"column":52}},"20":{"start":{"line":71,"column":29},"end":{"line":71,"column":55}},"21":{"start":{"line":72,"column":4},"end":{"line":84,"column":6}},"22":{"start":{"line":88,"column":0},"end":{"line":94,"column":2}},"23":{"start":{"line":96,"column":0},"end":{"line":102,"column":2}}},"fnMap":{"0":{"name":"(anonymous_0)","decl":{"start":{"line":7,"column":2},"end":{"line":7,"column":3}},"loc":{"start":{"line":7,"column":21},"end":{"line":12,"column":3}},"line":7},"1":{"name":"(anonymous_1)","decl":{"start":{"line":14,"column":2},"end":{"line":14,"column":3}},"loc":{"start":{"line":14,"column":11},"end":{"line":85,"column":3}},"line":14},"2":{"name":"mapFunc","decl":{"start":{"line":25,"column":13},"end":{"line":25,"column":20}},"loc":{"start":{"line":25,"column":28},"end":{"line":52,"column":5}},"line":25},"3":{"name":"getAvailable","decl":{"start":{"line":53,"column":13},"end":{"line":53,"column":25}},"loc":{"start":{"line":53,"column":33},"end":{"line":68,"column":5}},"line":53}},"branchMap":{"0":{"loc":{"start":{"line":20,"column":4},"end":{"line":24,"column":5}},"type":"if","locations":[{"start":{"line":20,"column":4},"end":{"line":24,"column":5}},{"start":{"line":20,"column":4},"end":{"line":24,"column":5}}],"line":20},"1":{"loc":{"start":{"line":27,"column":6},"end":{"line":35,"column":7}},"type":"if","locations":[{"start":{"line":27,"column":6},"end":{"line":35,"column":7}},{"start":{"line":27,"column":6},"end":{"line":35,"column":7}}],"line":27},"2":{"loc":{"start":{"line":27,"column":10},"end":{"line":27,"column":36}},"type":"binary-expr","locations":[{"start":{"line":27,"column":10},"end":{"line":27,"column":17}},{"start":{"line":27,"column":21},"end":{"line":27,"column":36}}],"line":27},"3":{"loc":{"start":{"line":36,"column":6},"end":{"line":43,"column":7}},"type":"if","locations":[{"start":{"line":36,"column":6},"end":{"line":43,"column":7}},{"start":{"line":36,"column":6},"end":{"line":43,"column":7}}],"line":36},"4":{"loc":{"start":{"line":54,"column":6},"end":{"line":62,"column":7}},"type":"if","locations":[{"start":{"line":54,"column":6},"end":{"line":62,"column":7}},{"start":{"line":54,"column":6},"end":{"line":62,"column":7}}],"line":54}},"s":{"0":2,"1":2,"2":2,"3":2,"4":2,"5":2,"6":2,"7":1,"8":1,"9":4,"10":4,"11":1,"12":3,"13":1,"14":2,"15":2,"16":1,"17":1,"18":2,"19":2,"20":2,"21":2,"22":2,"23":2},"f":{"0":2,"1":2,"2":4,"3":2},"b":{"0":[1,1],"1":[1,3],"2":[4,1],"3":[1,2],"4":[1,1]},"_coverageSchema":"1a1c01bbd47fc00a2c39e90264f33305004495a9","hash":"22459d0f3dcfb0560c4a4faefc5718605976274f"}
,"/Users/ericbyungkim/Desktop/Croxy/Cart-Service/client/components/Rating.jsx": {"path":"/Users/ericbyungkim/Desktop/Croxy/Cart-Service/client/components/Rating.jsx","statementMap":{"0":{"start":{"line":6,"column":4},"end":{"line":6,"column":17}},"1":{"start":{"line":7,"column":4},"end":{"line":9,"column":6}},"2":{"start":{"line":15,"column":8},"end":{"line":15,"column":18}},"3":{"start":{"line":18,"column":8},"end":{"line":18,"column":14}},"4":{"start":{"line":21,"column":8},"end":{"line":21,"column":14}},"5":{"start":{"line":22,"column":20},"end":{"line":22,"column":22}},"6":{"start":{"line":23,"column":4},"end":{"line":36,"column":5}},"7":{"start":{"line":23,"column":17},"end":{"line":23,"column":18}},"8":{"start":{"line":24,"column":6},"end":{"line":35,"column":7}},"9":{"start":{"line":25,"column":8},"end":{"line":31,"column":9}},"10":{"start":{"line":26,"column":10},"end":{"line":26,"column":431}},"11":{"start":{"line":27,"column":10},"end":{"line":27,"column":36}},"12":{"start":{"line":29,"column":10},"end":{"line":29,"column":482}},"13":{"start":{"line":30,"column":10},"end":{"line":30,"column":36}},"14":{"start":{"line":33,"column":8},"end":{"line":33,"column":319}},"15":{"start":{"line":34,"column":8},"end":{"line":34,"column":19}},"16":{"start":{"line":37,"column":4},"end":{"line":50,"column":6}},"17":{"start":{"line":54,"column":0},"end":{"line":60,"column":2}},"18":{"start":{"line":62,"column":0},"end":{"line":68,"column":2}}},"fnMap":{"0":{"name":"(anonymous_0)","decl":{"start":{"line":5,"column":2},"end":{"line":5,"column":3}},"loc":{"start":{"line":5,"column":21},"end":{"line":10,"column":3}},"line":5},"1":{"name":"(anonymous_1)","decl":{"start":{"line":12,"column":2},"end":{"line":12,"column":3}},"loc":{"start":{"line":12,"column":11},"end":{"line":51,"column":3}},"line":12}},"branchMap":{"0":{"loc":{"start":{"line":24,"column":6},"end":{"line":35,"column":7}},"type":"if","locations":[{"start":{"line":24,"column":6},"end":{"line":35,"column":7}},{"start":{"line":24,"column":6},"end":{"line":35,"column":7}}],"line":24},"1":{"loc":{"start":{"line":25,"column":8},"end":{"line":31,"column":9}},"type":"if","locations":[{"start":{"line":25,"column":8},"end":{"line":31,"column":9}},{"start":{"line":25,"column":8},"end":{"line":31,"column":9}}],"line":25},"2":{"loc":{"start":{"line":25,"column":12},"end":{"line":25,"column":40}},"type":"binary-expr","locations":[{"start":{"line":25,"column":12},"end":{"line":25,"column":25}},{"start":{"line":25,"column":29},"end":{"line":25,"column":40}}],"line":25}},"s":{"0":2,"1":2,"2":2,"3":2,"4":2,"5":2,"6":2,"7":2,"8":10,"9":10,"10":0,"11":0,"12":10,"13":10,"14":0,"15":0,"16":2,"17":2,"18":2},"f":{"0":2,"1":2},"b":{"0":[10,0],"1":[0,10],"2":[10,0]},"_coverageSchema":"1a1c01bbd47fc00a2c39e90264f33305004495a9","hash":"4eb498967207149f16da75629ae4577c7e9b86dc"}
,"/Users/ericbyungkim/Desktop/Croxy/Cart-Service/client/components/Selector.jsx": {"path":"/Users/ericbyungkim/Desktop/Croxy/Cart-Service/client/components/Selector.jsx","statementMap":{"0":{"start":{"line":6,"column":4},"end":{"line":6,"column":17}},"1":{"start":{"line":7,"column":4},"end":{"line":9,"column":6}},"2":{"start":{"line":13,"column":26},"end":{"line":13,"column":36}},"3":{"start":{"line":14,"column":12},"end":{"line":14,"column":14}},"4":{"start":{"line":15,"column":12},"end":{"line":15,"column":14}},"5":{"start":{"line":17,"column":6},"end":{"line":17,"column":13}},"6":{"start":{"line":18,"column":6},"end":{"line":22,"column":8}},"7":{"start":{"line":25,"column":6},"end":{"line":25,"column":13}},"8":{"start":{"line":26,"column":6},"end":{"line":26,"column":13}},"9":{"start":{"line":27,"column":6},"end":{"line":35,"column":8}},"10":{"start":{"line":37,"column":25},"end":{"line":37,"column":49}},"11":{"start":{"line":39,"column":4},"end":{"line":43,"column":6}},"12":{"start":{"line":49,"column":0},"end":{"line":56,"column":2}},"13":{"start":{"line":58,"column":0},"end":{"line":63,"column":2}}},"fnMap":{"0":{"name":"(anonymous_0)","decl":{"start":{"line":5,"column":2},"end":{"line":5,"column":3}},"loc":{"start":{"line":5,"column":21},"end":{"line":10,"column":3}},"line":5},"1":{"name":"(anonymous_1)","decl":{"start":{"line":12,"column":2},"end":{"line":12,"column":3}},"loc":{"start":{"line":12,"column":11},"end":{"line":44,"column":3}},"line":12},"2":{"name":"selectorMap","decl":{"start":{"line":16,"column":13},"end":{"line":16,"column":24}},"loc":{"start":{"line":16,"column":34},"end":{"line":23,"column":5}},"line":16},"3":{"name":"optionMap","decl":{"start":{"line":24,"column":13},"end":{"line":24,"column":22}},"loc":{"start":{"line":24,"column":31},"end":{"line":36,"column":5}},"line":24}},"branchMap":{},"s":{"0":2,"1":2,"2":2,"3":2,"4":2,"5":6,"6":6,"7":2,"8":2,"9":2,"10":2,"11":2,"12":2,"13":2},"f":{"0":2,"1":2,"2":6,"3":2},"b":{},"_coverageSchema":"1a1c01bbd47fc00a2c39e90264f33305004495a9","hash":"74bbda27317029e6b4fc24cf22248d15437d307c"}
,"/Users/ericbyungkim/Desktop/Croxy/Cart-Service/client/components/Seller.jsx": {"path":"/Users/ericbyungkim/Desktop/Croxy/Cart-Service/client/components/Seller.jsx","statementMap":{"0":{"start":{"line":5,"column":4},"end":{"line":5,"column":17}},"1":{"start":{"line":6,"column":4},"end":{"line":8,"column":6}},"2":{"start":{"line":12,"column":4},"end":{"line":16,"column":6}}},"fnMap":{"0":{"name":"(anonymous_0)","decl":{"start":{"line":4,"column":2},"end":{"line":4,"column":3}},"loc":{"start":{"line":4,"column":21},"end":{"line":9,"column":3}},"line":4},"1":{"name":"(anonymous_1)","decl":{"start":{"line":11,"column":2},"end":{"line":11,"column":3}},"loc":{"start":{"line":11,"column":11},"end":{"line":17,"column":3}},"line":11}},"branchMap":{},"s":{"0":1,"1":1,"2":1},"f":{"0":1,"1":1},"b":{},"_coverageSchema":"1a1c01bbd47fc00a2c39e90264f33305004495a9","hash":"f5090e5e10105285e37927a638c58e7a8670029a"}
,"/Users/ericbyungkim/Desktop/Croxy/Cart-Service/client/components/Shipping.jsx": {"path":"/Users/ericbyungkim/Desktop/Croxy/Cart-Service/client/components/Shipping.jsx","statementMap":{"0":{"start":{"line":9,"column":4},"end":{"line":9,"column":17}},"1":{"start":{"line":10,"column":4},"end":{"line":12,"column":6}},"2":{"start":{"line":13,"column":4},"end":{"line":13,"column":47}},"3":{"start":{"line":17,"column":25},"end":{"line":17,"column":35}},"4":{"start":{"line":18,"column":4},"end":{"line":22,"column":5}},"5":{"start":{"line":19,"column":6},"end":{"line":19,"column":26}},"6":{"start":{"line":21,"column":6},"end":{"line":21,"column":26}},"7":{"start":{"line":23,"column":4},"end":{"line":23,"column":34}},"8":{"start":{"line":27,"column":53},"end":{"line":27,"column":63}},"9":{"start":{"line":28,"column":26},"end":{"line":28,"column":34}},"10":{"start":{"line":29,"column":27},"end":{"line":29,"column":37}},"11":{"start":{"line":31,"column":19},"end":{"line":31,"column":52}},"12":{"start":{"line":32,"column":6},"end":{"line":32,"column":96}},"13":{"start":{"line":34,"column":24},"end":{"line":34,"column":48}},"14":{"start":{"line":35,"column":25},"end":{"line":35,"column":104}},"15":{"start":{"line":36,"column":24},"end":{"line":36,"column":40}},"16":{"start":{"line":37,"column":4},"end":{"line":108,"column":6}},"17":{"start":{"line":112,"column":0},"end":{"line":126,"column":2}},"18":{"start":{"line":128,"column":0},"end":{"line":142,"column":2}}},"fnMap":{"0":{"name":"(anonymous_0)","decl":{"start":{"line":8,"column":2},"end":{"line":8,"column":3}},"loc":{"start":{"line":8,"column":21},"end":{"line":14,"column":3}},"line":8},"1":{"name":"(anonymous_1)","decl":{"start":{"line":16,"column":2},"end":{"line":16,"column":3}},"loc":{"start":{"line":16,"column":14},"end":{"line":24,"column":3}},"line":16},"2":{"name":"(anonymous_2)","decl":{"start":{"line":26,"column":2},"end":{"line":26,"column":3}},"loc":{"start":{"line":26,"column":11},"end":{"line":109,"column":3}},"line":26},"3":{"name":"getShippedDate","decl":{"start":{"line":30,"column":13},"end":{"line":30,"column":27}},"loc":{"start":{"line":30,"column":30},"end":{"line":33,"column":5}},"line":30}},"branchMap":{"0":{"loc":{"start":{"line":18,"column":4},"end":{"line":22,"column":5}},"type":"if","locations":[{"start":{"line":18,"column":4},"end":{"line":22,"column":5}},{"start":{"line":18,"column":4},"end":{"line":22,"column":5}}],"line":18}},"s":{"0":0,"1":0,"2":0,"3":0,"4":0,"5":0,"6":0,"7":0,"8":0,"9":0,"10":0,"11":0,"12":0,"13":0,"14":0,"15":0,"16":0,"17":1,"18":1},"f":{"0":0,"1":0,"2":0,"3":0},"b":{"0":[0,0]},"_coverageSchema":"1a1c01bbd47fc00a2c39e90264f33305004495a9","hash":"e9587edc598310c5d9ba3841e4ff4258cb34fe17"}
,"/Users/ericbyungkim/Desktop/Croxy/Cart-Service/client/components/ShippingCost.jsx": {"path":"/Users/ericbyungkim/Desktop/Croxy/Cart-Service/client/components/ShippingCost.jsx","statementMap":{"0":{"start":{"line":6,"column":4},"end":{"line":6,"column":17}},"1":{"start":{"line":7,"column":4},"end":{"line":9,"column":6}},"2":{"start":{"line":10,"column":4},"end":{"line":10,"column":45}},"3":{"start":{"line":11,"column":4},"end":{"line":11,"column":51}},"4":{"start":{"line":15,"column":21},"end":{"line":15,"column":31}},"5":{"start":{"line":16,"column":4},"end":{"line":16,"column":21}},"6":{"start":{"line":17,"column":4},"end":{"line":17,"column":30}},"7":{"start":{"line":21,"column":23},"end":{"line":21,"column":33}},"8":{"start":{"line":22,"column":4},"end":{"line":301,"column":5}},"9":{"start":{"line":23,"column":6},"end":{"line":300,"column":8}},"10":{"start":{"line":302,"column":4},"end":{"line":302,"column":20}},"11":{"start":{"line":306,"column":4},"end":{"line":316,"column":6}}},"fnMap":{"0":{"name":"(anonymous_0)","decl":{"start":{"line":5,"column":2},"end":{"line":5,"column":3}},"loc":{"start":{"line":5,"column":21},"end":{"line":12,"column":3}},"line":5},"1":{"name":"(anonymous_1)","decl":{"start":{"line":14,"column":2},"end":{"line":14,"column":3}},"loc":{"start":{"line":14,"column":13},"end":{"line":18,"column":3}},"line":14},"2":{"name":"(anonymous_2)","decl":{"start":{"line":20,"column":2},"end":{"line":20,"column":3}},"loc":{"start":{"line":20,"column":16},"end":{"line":303,"column":3}},"line":20},"3":{"name":"(anonymous_3)","decl":{"start":{"line":305,"column":2},"end":{"line":305,"column":3}},"loc":{"start":{"line":305,"column":11},"end":{"line":317,"column":3}},"line":305}},"branchMap":{"0":{"loc":{"start":{"line":22,"column":4},"end":{"line":301,"column":5}},"type":"if","locations":[{"start":{"line":22,"column":4},"end":{"line":301,"column":5}},{"start":{"line":22,"column":4},"end":{"line":301,"column":5}}],"line":22}},"s":{"0":0,"1":0,"2":0,"3":0,"4":0,"5":0,"6":0,"7":0,"8":0,"9":0,"10":0,"11":0},"f":{"0":0,"1":0,"2":0,"3":0},"b":{"0":[0,0]},"_coverageSchema":"1a1c01bbd47fc00a2c39e90264f33305004495a9","hash":"a47caf5eb737c29c921648d974930b2957a42356"}
,"/Users/ericbyungkim/Desktop/Croxy/Cart-Service/client/components/ShippingPolicies.jsx": {"path":"/Users/ericbyungkim/Desktop/Croxy/Cart-Service/client/components/ShippingPolicies.jsx","statementMap":{"0":{"start":{"line":7,"column":4},"end":{"line":7,"column":17}},"1":{"start":{"line":8,"column":4},"end":{"line":10,"column":6}},"2":{"start":{"line":12,"column":4},"end":{"line":12,"column":57}},"3":{"start":{"line":16,"column":27},"end":{"line":16,"column":37}},"4":{"start":{"line":17,"column":30},"end":{"line":17,"column":40}},"5":{"start":{"line":18,"column":12},"end":{"line":18,"column":13}},"6":{"start":{"line":20,"column":6},"end":{"line":20,"column":13}},"7":{"start":{"line":21,"column":6},"end":{"line":25,"column":8}},"8":{"start":{"line":27,"column":22},"end":{"line":27,"column":48}},"9":{"start":{"line":28,"column":4},"end":{"line":32,"column":6}},"10":{"start":{"line":36,"column":27},"end":{"line":36,"column":37}},"11":{"start":{"line":37,"column":39},"end":{"line":37,"column":49}},"12":{"start":{"line":38,"column":4},"end":{"line":79,"column":5}},"13":{"start":{"line":39,"column":6},"end":{"line":78,"column":8}},"14":{"start":{"line":83,"column":56},"end":{"line":83,"column":66}},"15":{"start":{"line":84,"column":28},"end":{"line":84,"column":38}},"16":{"start":{"line":85,"column":4},"end":{"line":122,"column":6}}},"fnMap":{"0":{"name":"(anonymous_0)","decl":{"start":{"line":6,"column":2},"end":{"line":6,"column":3}},"loc":{"start":{"line":6,"column":21},"end":{"line":13,"column":3}},"line":6},"1":{"name":"(anonymous_1)","decl":{"start":{"line":15,"column":2},"end":{"line":15,"column":3}},"loc":{"start":{"line":15,"column":19},"end":{"line":33,"column":3}},"line":15},"2":{"name":"mapFunc","decl":{"start":{"line":19,"column":13},"end":{"line":19,"column":20}},"loc":{"start":{"line":19,"column":28},"end":{"line":26,"column":5}},"line":19},"3":{"name":"(anonymous_3)","decl":{"start":{"line":35,"column":2},"end":{"line":35,"column":3}},"loc":{"start":{"line":35,"column":17},"end":{"line":80,"column":3}},"line":35},"4":{"name":"(anonymous_4)","decl":{"start":{"line":82,"column":2},"end":{"line":82,"column":3}},"loc":{"start":{"line":82,"column":11},"end":{"line":123,"column":3}},"line":82}},"branchMap":{"0":{"loc":{"start":{"line":38,"column":4},"end":{"line":79,"column":5}},"type":"if","locations":[{"start":{"line":38,"column":4},"end":{"line":79,"column":5}},{"start":{"line":38,"column":4},"end":{"line":79,"column":5}}],"line":38}},"s":{"0":0,"1":0,"2":0,"3":0,"4":0,"5":0,"6":0,"7":0,"8":0,"9":0,"10":0,"11":0,"12":0,"13":0,"14":0,"15":0,"16":0},"f":{"0":0,"1":0,"2":0,"3":0,"4":0},"b":{"0":[0,0]},"_coverageSchema":"1a1c01bbd47fc00a2c39e90264f33305004495a9","hash":"ec77270537f66a6ed75a1e86d225b976b7a11843"}
,"/Users/ericbyungkim/Desktop/Croxy/Cart-Service/keys/BING_API_KEY.js": {"path":"/Users/ericbyungkim/Desktop/Croxy/Cart-Service/keys/BING_API_KEY.js","statementMap":{"0":{"start":{"line":1,"column":17},"end":{"line":1,"column":83}}},"fnMap":{},"branchMap":{},"s":{"0":1},"f":{},"b":{},"_coverageSchema":"1a1c01bbd47fc00a2c39e90264f33305004495a9","hash":"0814194e877e8a4f4634bcca16963ba9f2e6ad5a"}
,"/Users/ericbyungkim/Desktop/Croxy/Cart-Service/server/seed/createData.js": {"path":"/Users/ericbyungkim/Desktop/Croxy/Cart-Service/server/seed/createData.js","statementMap":{"0":{"start":{"line":1,"column":14},"end":{"line":1,"column":30}},"1":{"start":{"line":5,"column":16},"end":{"line":5,"column":18}},"2":{"start":{"line":6,"column":4},"end":{"line":8,"column":5}},"3":{"start":{"line":6,"column":17},"end":{"line":6,"column":18}},"4":{"start":{"line":7,"column":6},"end":{"line":7,"column":50}},"5":{"start":{"line":9,"column":4},"end":{"line":9,"column":15}},"6":{"start":{"line":12,"column":17},"end":{"line":12,"column":30}},"7":{"start":{"line":13,"column":4},"end":{"line":15,"column":5}},"8":{"start":{"line":14,"column":6},"end":{"line":14,"column":18}},"9":{"start":{"line":16,"column":4},"end":{"line":16,"column":17}},"10":{"start":{"line":19,"column":16},"end":{"line":19,"column":18}},"11":{"start":{"line":20,"column":4},"end":{"line":22,"column":5}},"12":{"start":{"line":20,"column":17},"end":{"line":20,"column":18}},"13":{"start":{"line":21,"column":6},"end":{"line":21,"column":39}},"14":{"start":{"line":23,"column":4},"end":{"line":23,"column":15}},"15":{"start":{"line":26,"column":16},"end":{"line":26,"column":18}},"16":{"start":{"line":27,"column":4},"end":{"line":29,"column":5}},"17":{"start":{"line":27,"column":17},"end":{"line":27,"column":18}},"18":{"start":{"line":28,"column":6},"end":{"line":28,"column":82}},"19":{"start":{"line":30,"column":4},"end":{"line":30,"column":15}},"20":{"start":{"line":32,"column":2},"end":{"line":67,"column":4}},"21":{"start":{"line":70,"column":0},"end":{"line":70,"column":28}}},"fnMap":{"0":{"name":"createData","decl":{"start":{"line":3,"column":9},"end":{"line":3,"column":19}},"loc":{"start":{"line":3,"column":24},"end":{"line":68,"column":1}},"line":3},"1":{"name":"getTags","decl":{"start":{"line":4,"column":11},"end":{"line":4,"column":18}},"loc":{"start":{"line":4,"column":21},"end":{"line":10,"column":3}},"line":4},"2":{"name":"getRandBool","decl":{"start":{"line":11,"column":11},"end":{"line":11,"column":22}},"loc":{"start":{"line":11,"column":25},"end":{"line":17,"column":3}},"line":11},"3":{"name":"getOptions","decl":{"start":{"line":18,"column":11},"end":{"line":18,"column":21}},"loc":{"start":{"line":18,"column":24},"end":{"line":24,"column":3}},"line":18},"4":{"name":"getSelectors","decl":{"start":{"line":25,"column":11},"end":{"line":25,"column":23}},"loc":{"start":{"line":25,"column":26},"end":{"line":31,"column":3}},"line":25}},"branchMap":{"0":{"loc":{"start":{"line":13,"column":4},"end":{"line":15,"column":5}},"type":"if","locations":[{"start":{"line":13,"column":4},"end":{"line":15,"column":5}},{"start":{"line":13,"column":4},"end":{"line":15,"column":5}}],"line":13}},"s":{"0":1,"1":3,"2":3,"3":3,"4":18,"5":3,"6":9,"7":9,"8":8,"9":1,"10":10,"11":10,"12":10,"13":46,"14":10,"15":3,"16":3,"17":3,"18":10,"19":3,"20":3,"21":1},"f":{"0":3,"1":3,"2":9,"3":10,"4":3},"b":{"0":[8,1]},"_coverageSchema":"1a1c01bbd47fc00a2c39e90264f33305004495a9","hash":"05ff1fbddb54157bc69dfdf7219216e3851a493b"}
}
