TN:
SF:client/components/App.jsx
FN:12,(anonymous_0)
FN:52,(anonymous_1)
FN:56,(anonymous_2)
FN:61,(anonymous_3)
FN:69,(anonymous_4)
FN:74,(anonymous_5)
FN:85,(anonymous_6)
FNF:7
FNH:4
FNDA:1,(anonymous_0)
FNDA:2,(anonymous_1)
FNDA:2,(anonymous_2)
FNDA:0,(anonymous_3)
FNDA:0,(anonymous_4)
FNDA:0,(anonymous_5)
FNDA:1,(anonymous_6)
DA:13,1
DA:14,1
DA:49,1
DA:53,2
DA:57,2
DA:58,2
DA:59,2
DA:64,0
DA:65,0
DA:66,0
DA:67,0
DA:68,0
DA:70,0
DA:71,0
DA:72,0
DA:73,0
DA:75,0
DA:76,0
DA:77,0
DA:88,1
DA:89,1
DA:90,1
DA:91,1
DA:92,1
LF:24
LH:12
BRF:0
BRH:0
end_of_record
TN:
SF:client/components/ExtDetails.jsx
FN:6,(anonymous_0)
FN:22,(anonymous_1)
FN:37,(anonymous_2)
FN:68,(anonymous_3)
FN:84,(anonymous_4)
FN:112,(anonymous_5)
FN:115,getFirstRandDescription
FN:139,getFirstDetail
FNF:8
FNH:8
FNDA:2,(anonymous_0)
FNDA:7,(anonymous_1)
FNDA:7,(anonymous_2)
FNDA:8,(anonymous_3)
FNDA:4,(anonymous_4)
FNDA:6,(anonymous_5)
FNDA:6,getFirstRandDescription
FNDA:6,getFirstDetail
DA:7,2
DA:8,2
DA:16,2
DA:17,2
DA:18,2
DA:19,2
DA:23,7
DA:24,7
DA:25,4
DA:34,3
DA:40,7
DA:41,7
DA:42,7
DA:43,7
DA:44,3
DA:65,4
DA:69,8
DA:75,8
DA:76,8
DA:77,2
DA:81,6
DA:85,4
DA:86,1
DA:87,1
DA:88,1
DA:89,3
DA:90,1
DA:91,1
DA:92,1
DA:93,2
DA:94,1
DA:95,1
DA:96,1
DA:97,1
DA:98,1
DA:99,1
DA:100,0
DA:101,0
DA:102,0
DA:104,1
DA:105,1
DA:106,1
DA:108,1
DA:113,6
DA:114,6
DA:116,6
DA:118,1
DA:132,5
DA:140,6
DA:141,6
DA:142,1
DA:162,5
DA:163,5
DA:210,0
DA:214,6
DA:274,2
DA:296,2
LF:57
LH:53
BRDA:24,0,0,4
BRDA:24,0,1,3
BRDA:43,1,0,3
BRDA:43,1,1,4
BRDA:76,2,0,2
BRDA:76,2,1,6
BRDA:85,3,0,1
BRDA:85,3,1,3
BRDA:89,4,0,1
BRDA:89,4,1,2
BRDA:93,5,0,1
BRDA:93,5,1,1
BRDA:97,6,0,1
BRDA:97,6,1,0
BRDA:99,7,0,0
BRDA:99,7,1,1
BRDA:116,8,0,1
BRDA:116,8,1,5
BRDA:141,9,0,1
BRDA:141,9,1,5
BRDA:162,10,0,5
BRDA:162,10,1,0
BRF:22
BRH:19
end_of_record
TN:
SF:client/components/Info.jsx
FN:7,(anonymous_0)
FN:14,(anonymous_1)
FN:25,mapFunc
FN:53,getAvailable
FNF:4
FNH:4
FNDA:2,(anonymous_0)
FNDA:2,(anonymous_1)
FNDA:4,mapFunc
FNDA:2,getAvailable
DA:8,2
DA:9,2
DA:15,2
DA:16,2
DA:17,2
DA:19,2
DA:20,2
DA:21,1
DA:23,1
DA:26,4
DA:27,4
DA:28,1
DA:36,3
DA:37,1
DA:44,2
DA:54,2
DA:55,1
DA:63,1
DA:69,2
DA:70,2
DA:71,2
DA:72,2
DA:88,2
DA:96,2
LF:24
LH:24
BRDA:20,0,0,1
BRDA:20,0,1,1
BRDA:27,1,0,1
BRDA:27,1,1,3
BRDA:27,2,0,4
BRDA:27,2,1,1
BRDA:36,3,0,1
BRDA:36,3,1,2
BRDA:54,4,0,1
BRDA:54,4,1,1
BRF:10
BRH:10
end_of_record
TN:
SF:client/components/Rating.jsx
FN:5,(anonymous_0)
FN:12,(anonymous_1)
FNF:2
FNH:2
FNDA:2,(anonymous_0)
FNDA:2,(anonymous_1)
DA:6,2
DA:7,2
DA:15,2
DA:18,2
DA:21,2
DA:22,2
DA:23,2
DA:24,10
DA:25,10
DA:26,0
DA:27,0
DA:29,10
DA:30,10
DA:33,0
DA:34,0
DA:37,2
DA:54,2
DA:62,2
LF:18
LH:14
BRDA:24,0,0,10
BRDA:24,0,1,0
BRDA:25,1,0,0
BRDA:25,1,1,10
BRDA:25,2,0,10
BRDA:25,2,1,0
BRF:6
BRH:3
end_of_record
TN:
SF:client/components/Selector.jsx
FN:5,(anonymous_0)
FN:12,(anonymous_1)
FN:16,selectorMap
FN:24,optionMap
FNF:4
FNH:4
FNDA:2,(anonymous_0)
FNDA:2,(anonymous_1)
FNDA:6,selectorMap
FNDA:2,optionMap
DA:6,2
DA:7,2
DA:13,2
DA:14,2
DA:15,2
DA:17,6
DA:18,6
DA:25,2
DA:26,2
DA:27,2
DA:37,2
DA:39,2
DA:49,2
DA:58,2
LF:14
LH:14
BRF:0
BRH:0
end_of_record
TN:
SF:client/components/Seller.jsx
FN:4,(anonymous_0)
FN:11,(anonymous_1)
FNF:2
FNH:2
FNDA:1,(anonymous_0)
FNDA:1,(anonymous_1)
DA:5,1
DA:6,1
DA:12,1
LF:3
LH:3
BRF:0
BRH:0
end_of_record
TN:
SF:client/components/Shipping.jsx
FN:8,(anonymous_0)
FN:22,(anonymous_1)
FN:32,(anonymous_2)
FN:49,(anonymous_3)
FN:66,(anonymous_4)
FN:75,getShippedDate
FN:88,(anonymous_6)
FN:90,(anonymous_7)
FN:115,(anonymous_8)
FN:117,(anonymous_9)
FN:149,(anonymous_10)
FN:151,(anonymous_11)
FN:182,(anonymous_12)
FN:184,(anonymous_13)
FNF:14
FNH:6
FNDA:2,(anonymous_0)
FNDA:1,(anonymous_1)
FNDA:4,(anonymous_2)
FNDA:4,(anonymous_3)
FNDA:12,(anonymous_4)
FNDA:12,getShippedDate
FNDA:0,(anonymous_6)
FNDA:0,(anonymous_7)
FNDA:0,(anonymous_8)
FNDA:0,(anonymous_9)
FNDA:0,(anonymous_10)
FNDA:0,(anonymous_11)
FNDA:0,(anonymous_12)
FNDA:0,(anonymous_13)
DA:9,2
DA:10,2
DA:17,2
DA:18,2
DA:19,2
DA:23,1
DA:24,1
DA:25,1
DA:27,0
DA:29,1
DA:33,4
DA:34,4
DA:35,1
DA:36,1
DA:37,3
DA:38,1
DA:39,1
DA:40,2
DA:41,1
DA:42,1
DA:43,1
DA:44,1
DA:45,1
DA:50,4
DA:51,4
DA:52,1
DA:53,1
DA:54,3
DA:55,1
DA:56,1
DA:57,2
DA:58,1
DA:59,1
DA:60,1
DA:61,1
DA:62,1
DA:67,12
DA:74,12
DA:76,12
DA:77,12
DA:79,12
DA:80,12
DA:81,12
DA:82,12
DA:88,0
DA:90,0
DA:115,0
DA:117,0
DA:149,0
DA:151,0
DA:182,0
DA:184,0
DA:225,3
DA:242,3
LF:54
LH:45
BRDA:24,0,0,1
BRDA:24,0,1,0
BRDA:34,1,0,1
BRDA:34,1,1,3
BRDA:37,2,0,1
BRDA:37,2,1,2
BRDA:40,3,0,1
BRDA:40,3,1,1
BRDA:43,4,0,1
BRDA:43,4,1,0
BRDA:51,5,0,1
BRDA:51,5,1,3
BRDA:54,6,0,1
BRDA:54,6,1,2
BRDA:57,7,0,1
BRDA:57,7,1,1
BRDA:60,8,0,1
BRDA:60,8,1,0
BRF:18
BRH:15
end_of_record
TN:
SF:client/components/ShippingCost.jsx
FN:4,(anonymous_0)
FN:13,(anonymous_1)
FN:19,(anonymous_2)
FN:304,(anonymous_3)
FNF:4
FNH:4
FNDA:3,(anonymous_0)
FNDA:1,(anonymous_1)
FNDA:14,(anonymous_2)
FNDA:14,(anonymous_3)
DA:5,3
DA:6,3
DA:9,3
DA:10,3
DA:14,1
DA:15,1
DA:16,1
DA:20,14
DA:21,14
DA:22,1
DA:301,13
DA:305,14
LF:12
LH:12
BRDA:21,0,0,1
BRDA:21,0,1,13
BRF:2
BRH:2
end_of_record
TN:
SF:client/components/ShippingPolicies.jsx
FN:6,(anonymous_0)
FN:15,(anonymous_1)
FN:19,mapFunc
FN:35,(anonymous_3)
FN:83,(anonymous_4)
FNF:5
FNH:5
FNDA:3,(anonymous_0)
FNDA:1,(anonymous_1)
FNDA:2,mapFunc
FNDA:13,(anonymous_3)
FNDA:13,(anonymous_4)
DA:7,3
DA:8,3
DA:12,3
DA:16,1
DA:17,1
DA:18,1
DA:20,2
DA:21,2
DA:27,1
DA:28,1
DA:36,13
DA:37,13
DA:38,13
DA:39,0
DA:80,13
DA:89,13
DA:90,13
DA:91,13
DA:132,4
DA:143,4
LF:20
LH:19
BRDA:38,0,0,0
BRDA:38,0,1,13
BRF:2
BRH:1
end_of_record
TN:
SF:keys/BING_API_KEY.js
FNF:0
FNH:0
DA:1,1
LF:1
LH:1
BRF:0
BRH:0
end_of_record
TN:
SF:server/seed/createData.js
FN:3,createData
FN:4,getTags
FN:11,getRandBool
FN:18,getOptions
FN:25,getSelectors
FN:32,getDescription
FNF:6
FNH:6
FNDA:3,createData
FNDA:3,getTags
FNDA:9,getRandBool
FNDA:8,getOptions
FNDA:3,getSelectors
FNDA:3,getDescription
DA:1,1
DA:5,3
DA:6,3
DA:7,8
DA:9,3
DA:12,9
DA:13,9
DA:14,5
DA:16,4
DA:19,8
DA:20,8
DA:21,32
DA:23,8
DA:26,3
DA:27,3
DA:28,8
DA:30,3
DA:33,3
DA:34,3
DA:35,9
DA:36,6
DA:38,3
DA:41,3
DA:43,3
DA:81,1
LF:25
LH:25
BRDA:13,0,0,5
BRDA:13,0,1,4
BRDA:35,1,0,6
BRDA:35,1,1,3
BRF:4
BRH:4
end_of_record
